2017-11-10 15:59:03 - PHP Notice:  Undefined index: visible in D:\OpenServer\domains\villa-crimea.com.ru\catalog\controller\product\category.php on line 280
2017-11-10 15:59:03 - PHP Notice:  Undefined index: visible in D:\OpenServer\domains\villa-crimea.com.ru\catalog\controller\product\category.php on line 280
2017-11-10 15:59:03 - PHP Notice:  Undefined index: visible in D:\OpenServer\domains\villa-crimea.com.ru\catalog\controller\product\category.php on line 280
2017-11-10 15:59:03 - PHP Notice:  Undefined index: visible in D:\OpenServer\domains\villa-crimea.com.ru\catalog\controller\product\category.php on line 280
2017-11-10 15:59:03 - PHP Notice:  Undefined index: visible in D:\OpenServer\domains\villa-crimea.com.ru\catalog\controller\product\category.php on line 280
2017-11-10 15:59:03 - PHP Notice:  Undefined index: visible in D:\OpenServer\domains\villa-crimea.com.ru\catalog\controller\product\category.php on line 280
2017-11-10 15:59:03 - PHP Notice:  Undefined index: visible in D:\OpenServer\domains\villa-crimea.com.ru\catalog\controller\product\category.php on line 280
2017-11-10 15:59:03 - PHP Notice:  Undefined index: visible in D:\OpenServer\domains\villa-crimea.com.ru\catalog\controller\product\category.php on line 280
2017-11-10 15:59:03 - PHP Notice:  Undefined index: visible in D:\OpenServer\domains\villa-crimea.com.ru\catalog\controller\product\category.php on line 280
2017-11-10 15:59:03 - PHP Notice:  Undefined index: visible in D:\OpenServer\domains\villa-crimea.com.ru\catalog\controller\product\category.php on line 280
2017-11-10 15:59:03 - PHP Notice:  Undefined index: visible in D:\OpenServer\domains\villa-crimea.com.ru\catalog\controller\product\category.php on line 280
2017-11-10 15:59:03 - PHP Notice:  Undefined index: visible in D:\OpenServer\domains\villa-crimea.com.ru\catalog\controller\product\category.php on line 280
2017-11-10 15:59:03 - PHP Notice:  Undefined index: visible in D:\OpenServer\domains\villa-crimea.com.ru\catalog\controller\product\category.php on line 280
2017-11-10 15:59:03 - PHP Notice:  Undefined index: visible in D:\OpenServer\domains\villa-crimea.com.ru\catalog\controller\product\category.php on line 280
2017-11-10 15:59:03 - PHP Notice:  Undefined index: visible in D:\OpenServer\domains\villa-crimea.com.ru\catalog\controller\product\category.php on line 280
2017-11-10 15:59:03 - PHP Notice:  Undefined index: visible in D:\OpenServer\domains\villa-crimea.com.ru\catalog\controller\product\category.php on line 280
2017-11-10 15:59:03 - PHP Notice:  Undefined index: visible in D:\OpenServer\domains\villa-crimea.com.ru\catalog\controller\product\category.php on line 280
2017-11-10 15:59:03 - PHP Notice:  Undefined index: visible in D:\OpenServer\domains\villa-crimea.com.ru\catalog\controller\product\category.php on line 280
2017-11-10 15:59:03 - PHP Notice:  Undefined index: visible in D:\OpenServer\domains\villa-crimea.com.ru\catalog\controller\product\category.php on line 280
2017-11-10 15:59:03 - PHP Notice:  Undefined index: visible in D:\OpenServer\domains\villa-crimea.com.ru\catalog\controller\product\category.php on line 280
2017-11-10 15:59:03 - PHP Notice:  Undefined index: visible in D:\OpenServer\domains\villa-crimea.com.ru\catalog\controller\product\category.php on line 280
2017-11-10 15:59:03 - PHP Notice:  Undefined index: visible in D:\OpenServer\domains\villa-crimea.com.ru\catalog\controller\product\category.php on line 280
2017-11-10 15:59:03 - PHP Notice:  Undefined index: visible in D:\OpenServer\domains\villa-crimea.com.ru\catalog\controller\product\category.php on line 280
2017-11-10 15:59:03 - PHP Notice:  Undefined index: visible in D:\OpenServer\domains\villa-crimea.com.ru\catalog\controller\product\category.php on line 280
2017-11-10 15:59:03 - PHP Notice:  Undefined index: visible in D:\OpenServer\domains\villa-crimea.com.ru\catalog\controller\product\category.php on line 280
2017-11-10 16:29:19 - PHP Notice:  Undefined index: visible in D:\OpenServer\domains\villa-crimea.com.ru\catalog\model\catalog\product.php on line 15
2017-11-10 16:29:19 - PHP Notice:  Undefined index: visible in D:\OpenServer\domains\villa-crimea.com.ru\catalog\model\catalog\product.php on line 15
2017-11-10 16:29:19 - PHP Notice:  Undefined index: visible in D:\OpenServer\domains\villa-crimea.com.ru\catalog\model\catalog\product.php on line 15
2017-11-10 16:29:19 - PHP Notice:  Undefined index: visible in D:\OpenServer\domains\villa-crimea.com.ru\catalog\model\catalog\product.php on line 15
2017-11-10 16:29:19 - PHP Notice:  Undefined index: visible in D:\OpenServer\domains\villa-crimea.com.ru\catalog\model\catalog\product.php on line 15
2017-11-10 16:29:19 - PHP Notice:  Undefined index: visible in D:\OpenServer\domains\villa-crimea.com.ru\catalog\model\catalog\product.php on line 15
2017-11-10 16:29:19 - PHP Notice:  Undefined index: visible in D:\OpenServer\domains\villa-crimea.com.ru\catalog\model\catalog\product.php on line 15
2017-11-10 16:29:19 - PHP Notice:  Undefined index: visible in D:\OpenServer\domains\villa-crimea.com.ru\catalog\model\catalog\product.php on line 15
2017-11-10 16:29:19 - PHP Notice:  Undefined index: visible in D:\OpenServer\domains\villa-crimea.com.ru\catalog\model\catalog\product.php on line 15
2017-11-10 16:29:19 - PHP Notice:  Undefined index: visible in D:\OpenServer\domains\villa-crimea.com.ru\catalog\model\catalog\product.php on line 15
2017-11-10 16:29:19 - PHP Notice:  Undefined index: visible in D:\OpenServer\domains\villa-crimea.com.ru\catalog\model\catalog\product.php on line 15
2017-11-10 16:29:19 - PHP Notice:  Undefined index: visible in D:\OpenServer\domains\villa-crimea.com.ru\catalog\model\catalog\product.php on line 15
2017-11-10 16:29:19 - PHP Notice:  Undefined index: visible in D:\OpenServer\domains\villa-crimea.com.ru\catalog\model\catalog\product.php on line 15
2017-11-10 16:29:19 - PHP Notice:  Undefined index: visible in D:\OpenServer\domains\villa-crimea.com.ru\catalog\model\catalog\product.php on line 15
2017-11-10 16:29:19 - PHP Notice:  Undefined index: visible in D:\OpenServer\domains\villa-crimea.com.ru\catalog\model\catalog\product.php on line 15
2017-11-10 16:29:19 - PHP Notice:  Error: Unknown column 'p.visible' in 'on clause'<br />Error No: 1054<br />SELECT fgd.name, fd.name AS value FROM oc_filter_group_description AS fgd JOIN oc_filter_description AS fd JOIN oc_filter as f JOIN oc_product_filter AS pf JOIN oc_product AS p
		ON (fgd.filter_group_id = fd.filter_group_id) AND (fgd.filter_group_id != 2) AND (fgd.filter_group_id != 7) AND (pf.filter_id = fd.filter_id) AND (pf.filter_id = f.filter_id) AND (fgd.filter_group_id = f.filter_group_id) AND (p.product_id = pf.product_id) AND (p.visible = 0)
		AND (fgd.language_id = '2') AND (pf.product_id = '362') ORDER BY f.sort_order in D:\OpenServer\domains\villa-crimea.com.ru\system\library\db\mysqli.php on line 40
2017-11-10 16:29:19 - PHP Notice:  Trying to get property of non-object in D:\OpenServer\domains\villa-crimea.com.ru\catalog\model\catalog\category.php on line 59
2017-11-10 16:29:19 - PHP Notice:  Error: Unknown column 'p.visible' in 'on clause'<br />Error No: 1054<br />SELECT fgd.name, fd.name AS value FROM oc_filter_group_description AS fgd JOIN oc_filter_description AS fd JOIN oc_filter as f JOIN oc_product_filter AS pf JOIN oc_product AS p
		ON (fgd.filter_group_id = fd.filter_group_id) AND (fgd.filter_group_id != 2) AND (fgd.filter_group_id != 7) AND (pf.filter_id = fd.filter_id) AND (pf.filter_id = f.filter_id) AND (fgd.filter_group_id = f.filter_group_id) AND (p.product_id = pf.product_id) AND (p.visible = 0)
		AND (fgd.language_id = '2') AND (pf.product_id = '634') ORDER BY f.sort_order in D:\OpenServer\domains\villa-crimea.com.ru\system\library\db\mysqli.php on line 40
2017-11-10 16:29:19 - PHP Notice:  Trying to get property of non-object in D:\OpenServer\domains\villa-crimea.com.ru\catalog\model\catalog\category.php on line 59
2017-11-10 16:29:19 - PHP Notice:  Error: Unknown column 'p.visible' in 'on clause'<br />Error No: 1054<br />SELECT fgd.name, fd.name AS value FROM oc_filter_group_description AS fgd JOIN oc_filter_description AS fd JOIN oc_filter as f JOIN oc_product_filter AS pf JOIN oc_product AS p
		ON (fgd.filter_group_id = fd.filter_group_id) AND (fgd.filter_group_id != 2) AND (fgd.filter_group_id != 7) AND (pf.filter_id = fd.filter_id) AND (pf.filter_id = f.filter_id) AND (fgd.filter_group_id = f.filter_group_id) AND (p.product_id = pf.product_id) AND (p.visible = 0)
		AND (fgd.language_id = '2') AND (pf.product_id = '301') ORDER BY f.sort_order in D:\OpenServer\domains\villa-crimea.com.ru\system\library\db\mysqli.php on line 40
2017-11-10 16:29:19 - PHP Notice:  Trying to get property of non-object in D:\OpenServer\domains\villa-crimea.com.ru\catalog\model\catalog\category.php on line 59
2017-11-10 16:29:19 - PHP Notice:  Error: Unknown column 'p.visible' in 'on clause'<br />Error No: 1054<br />SELECT fgd.name, fd.name AS value FROM oc_filter_group_description AS fgd JOIN oc_filter_description AS fd JOIN oc_filter as f JOIN oc_product_filter AS pf JOIN oc_product AS p
		ON (fgd.filter_group_id = fd.filter_group_id) AND (fgd.filter_group_id != 2) AND (fgd.filter_group_id != 7) AND (pf.filter_id = fd.filter_id) AND (pf.filter_id = f.filter_id) AND (fgd.filter_group_id = f.filter_group_id) AND (p.product_id = pf.product_id) AND (p.visible = 0)
		AND (fgd.language_id = '2') AND (pf.product_id = '409') ORDER BY f.sort_order in D:\OpenServer\domains\villa-crimea.com.ru\system\library\db\mysqli.php on line 40
2017-11-10 16:29:19 - PHP Notice:  Trying to get property of non-object in D:\OpenServer\domains\villa-crimea.com.ru\catalog\model\catalog\category.php on line 59
2017-11-10 16:29:19 - PHP Notice:  Error: Unknown column 'p.visible' in 'on clause'<br />Error No: 1054<br />SELECT fgd.name, fd.name AS value FROM oc_filter_group_description AS fgd JOIN oc_filter_description AS fd JOIN oc_filter as f JOIN oc_product_filter AS pf JOIN oc_product AS p
		ON (fgd.filter_group_id = fd.filter_group_id) AND (fgd.filter_group_id != 2) AND (fgd.filter_group_id != 7) AND (pf.filter_id = fd.filter_id) AND (pf.filter_id = f.filter_id) AND (fgd.filter_group_id = f.filter_group_id) AND (p.product_id = pf.product_id) AND (p.visible = 0)
		AND (fgd.language_id = '2') AND (pf.product_id = '405') ORDER BY f.sort_order in D:\OpenServer\domains\villa-crimea.com.ru\system\library\db\mysqli.php on line 40
2017-11-10 16:29:19 - PHP Notice:  Trying to get property of non-object in D:\OpenServer\domains\villa-crimea.com.ru\catalog\model\catalog\category.php on line 59
2017-11-10 16:29:19 - PHP Notice:  Error: Unknown column 'p.visible' in 'on clause'<br />Error No: 1054<br />SELECT fgd.name, fd.name AS value FROM oc_filter_group_description AS fgd JOIN oc_filter_description AS fd JOIN oc_filter as f JOIN oc_product_filter AS pf JOIN oc_product AS p
		ON (fgd.filter_group_id = fd.filter_group_id) AND (fgd.filter_group_id != 2) AND (fgd.filter_group_id != 7) AND (pf.filter_id = fd.filter_id) AND (pf.filter_id = f.filter_id) AND (fgd.filter_group_id = f.filter_group_id) AND (p.product_id = pf.product_id) AND (p.visible = 0)
		AND (fgd.language_id = '2') AND (pf.product_id = '526') ORDER BY f.sort_order in D:\OpenServer\domains\villa-crimea.com.ru\system\library\db\mysqli.php on line 40
2017-11-10 16:29:19 - PHP Notice:  Trying to get property of non-object in D:\OpenServer\domains\villa-crimea.com.ru\catalog\model\catalog\category.php on line 59
2017-11-10 16:29:19 - PHP Notice:  Error: Unknown column 'p.visible' in 'on clause'<br />Error No: 1054<br />SELECT fgd.name, fd.name AS value FROM oc_filter_group_description AS fgd JOIN oc_filter_description AS fd JOIN oc_filter as f JOIN oc_product_filter AS pf JOIN oc_product AS p
		ON (fgd.filter_group_id = fd.filter_group_id) AND (fgd.filter_group_id != 2) AND (fgd.filter_group_id != 7) AND (pf.filter_id = fd.filter_id) AND (pf.filter_id = f.filter_id) AND (fgd.filter_group_id = f.filter_group_id) AND (p.product_id = pf.product_id) AND (p.visible = 0)
		AND (fgd.language_id = '2') AND (pf.product_id = '548') ORDER BY f.sort_order in D:\OpenServer\domains\villa-crimea.com.ru\system\library\db\mysqli.php on line 40
2017-11-10 16:29:19 - PHP Notice:  Trying to get property of non-object in D:\OpenServer\domains\villa-crimea.com.ru\catalog\model\catalog\category.php on line 59
2017-11-10 16:29:19 - PHP Notice:  Error: Unknown column 'p.visible' in 'on clause'<br />Error No: 1054<br />SELECT fgd.name, fd.name AS value FROM oc_filter_group_description AS fgd JOIN oc_filter_description AS fd JOIN oc_filter as f JOIN oc_product_filter AS pf JOIN oc_product AS p
		ON (fgd.filter_group_id = fd.filter_group_id) AND (fgd.filter_group_id != 2) AND (fgd.filter_group_id != 7) AND (pf.filter_id = fd.filter_id) AND (pf.filter_id = f.filter_id) AND (fgd.filter_group_id = f.filter_group_id) AND (p.product_id = pf.product_id) AND (p.visible = 0)
		AND (fgd.language_id = '2') AND (pf.product_id = '528') ORDER BY f.sort_order in D:\OpenServer\domains\villa-crimea.com.ru\system\library\db\mysqli.php on line 40
2017-11-10 16:29:19 - PHP Notice:  Trying to get property of non-object in D:\OpenServer\domains\villa-crimea.com.ru\catalog\model\catalog\category.php on line 59
2017-11-10 16:29:19 - PHP Notice:  Error: Unknown column 'p.visible' in 'on clause'<br />Error No: 1054<br />SELECT fgd.name, fd.name AS value FROM oc_filter_group_description AS fgd JOIN oc_filter_description AS fd JOIN oc_filter as f JOIN oc_product_filter AS pf JOIN oc_product AS p
		ON (fgd.filter_group_id = fd.filter_group_id) AND (fgd.filter_group_id != 2) AND (fgd.filter_group_id != 7) AND (pf.filter_id = fd.filter_id) AND (pf.filter_id = f.filter_id) AND (fgd.filter_group_id = f.filter_group_id) AND (p.product_id = pf.product_id) AND (p.visible = 0)
		AND (fgd.language_id = '2') AND (pf.product_id = '484') ORDER BY f.sort_order in D:\OpenServer\domains\villa-crimea.com.ru\system\library\db\mysqli.php on line 40
2017-11-10 16:29:19 - PHP Notice:  Trying to get property of non-object in D:\OpenServer\domains\villa-crimea.com.ru\catalog\model\catalog\category.php on line 59
2017-11-10 16:29:19 - PHP Notice:  Error: Unknown column 'p.visible' in 'on clause'<br />Error No: 1054<br />SELECT fgd.name, fd.name AS value FROM oc_filter_group_description AS fgd JOIN oc_filter_description AS fd JOIN oc_filter as f JOIN oc_product_filter AS pf JOIN oc_product AS p
		ON (fgd.filter_group_id = fd.filter_group_id) AND (fgd.filter_group_id != 2) AND (fgd.filter_group_id != 7) AND (pf.filter_id = fd.filter_id) AND (pf.filter_id = f.filter_id) AND (fgd.filter_group_id = f.filter_group_id) AND (p.product_id = pf.product_id) AND (p.visible = 0)
		AND (fgd.language_id = '2') AND (pf.product_id = '527') ORDER BY f.sort_order in D:\OpenServer\domains\villa-crimea.com.ru\system\library\db\mysqli.php on line 40
2017-11-10 16:29:19 - PHP Notice:  Trying to get property of non-object in D:\OpenServer\domains\villa-crimea.com.ru\catalog\model\catalog\category.php on line 59
2017-11-10 16:29:19 - PHP Notice:  Error: Unknown column 'p.visible' in 'on clause'<br />Error No: 1054<br />SELECT fgd.name, fd.name AS value FROM oc_filter_group_description AS fgd JOIN oc_filter_description AS fd JOIN oc_filter as f JOIN oc_product_filter AS pf JOIN oc_product AS p
		ON (fgd.filter_group_id = fd.filter_group_id) AND (fgd.filter_group_id != 2) AND (fgd.filter_group_id != 7) AND (pf.filter_id = fd.filter_id) AND (pf.filter_id = f.filter_id) AND (fgd.filter_group_id = f.filter_group_id) AND (p.product_id = pf.product_id) AND (p.visible = 0)
		AND (fgd.language_id = '2') AND (pf.product_id = '552') ORDER BY f.sort_order in D:\OpenServer\domains\villa-crimea.com.ru\system\library\db\mysqli.php on line 40
2017-11-10 16:29:19 - PHP Notice:  Trying to get property of non-object in D:\OpenServer\domains\villa-crimea.com.ru\catalog\model\catalog\category.php on line 59
2017-11-10 16:29:19 - PHP Notice:  Error: Unknown column 'p.visible' in 'on clause'<br />Error No: 1054<br />SELECT fgd.name, fd.name AS value FROM oc_filter_group_description AS fgd JOIN oc_filter_description AS fd JOIN oc_filter as f JOIN oc_product_filter AS pf JOIN oc_product AS p
		ON (fgd.filter_group_id = fd.filter_group_id) AND (fgd.filter_group_id != 2) AND (fgd.filter_group_id != 7) AND (pf.filter_id = fd.filter_id) AND (pf.filter_id = f.filter_id) AND (fgd.filter_group_id = f.filter_group_id) AND (p.product_id = pf.product_id) AND (p.visible = 0)
		AND (fgd.language_id = '2') AND (pf.product_id = '542') ORDER BY f.sort_order in D:\OpenServer\domains\villa-crimea.com.ru\system\library\db\mysqli.php on line 40
2017-11-10 16:29:19 - PHP Notice:  Trying to get property of non-object in D:\OpenServer\domains\villa-crimea.com.ru\catalog\model\catalog\category.php on line 59
2017-11-10 16:29:19 - PHP Notice:  Error: Unknown column 'p.visible' in 'on clause'<br />Error No: 1054<br />SELECT fgd.name, fd.name AS value FROM oc_filter_group_description AS fgd JOIN oc_filter_description AS fd JOIN oc_filter as f JOIN oc_product_filter AS pf JOIN oc_product AS p
		ON (fgd.filter_group_id = fd.filter_group_id) AND (fgd.filter_group_id != 2) AND (fgd.filter_group_id != 7) AND (pf.filter_id = fd.filter_id) AND (pf.filter_id = f.filter_id) AND (fgd.filter_group_id = f.filter_group_id) AND (p.product_id = pf.product_id) AND (p.visible = 0)
		AND (fgd.language_id = '2') AND (pf.product_id = '543') ORDER BY f.sort_order in D:\OpenServer\domains\villa-crimea.com.ru\system\library\db\mysqli.php on line 40
2017-11-10 16:29:19 - PHP Notice:  Trying to get property of non-object in D:\OpenServer\domains\villa-crimea.com.ru\catalog\model\catalog\category.php on line 59
2017-11-10 16:29:19 - PHP Notice:  Error: Unknown column 'p.visible' in 'on clause'<br />Error No: 1054<br />SELECT fgd.name, fd.name AS value FROM oc_filter_group_description AS fgd JOIN oc_filter_description AS fd JOIN oc_filter as f JOIN oc_product_filter AS pf JOIN oc_product AS p
		ON (fgd.filter_group_id = fd.filter_group_id) AND (fgd.filter_group_id != 2) AND (fgd.filter_group_id != 7) AND (pf.filter_id = fd.filter_id) AND (pf.filter_id = f.filter_id) AND (fgd.filter_group_id = f.filter_group_id) AND (p.product_id = pf.product_id) AND (p.visible = 0)
		AND (fgd.language_id = '2') AND (pf.product_id = '359') ORDER BY f.sort_order in D:\OpenServer\domains\villa-crimea.com.ru\system\library\db\mysqli.php on line 40
2017-11-10 16:29:19 - PHP Notice:  Trying to get property of non-object in D:\OpenServer\domains\villa-crimea.com.ru\catalog\model\catalog\category.php on line 59
2017-11-10 16:29:19 - PHP Notice:  Error: Unknown column 'p.visible' in 'on clause'<br />Error No: 1054<br />SELECT fgd.name, fd.name AS value FROM oc_filter_group_description AS fgd JOIN oc_filter_description AS fd JOIN oc_filter as f JOIN oc_product_filter AS pf JOIN oc_product AS p
		ON (fgd.filter_group_id = fd.filter_group_id) AND (fgd.filter_group_id != 2) AND (fgd.filter_group_id != 7) AND (pf.filter_id = fd.filter_id) AND (pf.filter_id = f.filter_id) AND (fgd.filter_group_id = f.filter_group_id) AND (p.product_id = pf.product_id) AND (p.visible = 0)
		AND (fgd.language_id = '2') AND (pf.product_id = '363') ORDER BY f.sort_order in D:\OpenServer\domains\villa-crimea.com.ru\system\library\db\mysqli.php on line 40
2017-11-10 16:29:19 - PHP Notice:  Trying to get property of non-object in D:\OpenServer\domains\villa-crimea.com.ru\catalog\model\catalog\category.php on line 59
2017-11-10 16:29:31 - PHP Notice:  Undefined index: visible in D:\OpenServer\domains\villa-crimea.com.ru\catalog\model\catalog\product.php on line 15
2017-11-10 16:29:31 - PHP Notice:  Undefined index: visible in D:\OpenServer\domains\villa-crimea.com.ru\catalog\model\catalog\product.php on line 15
2017-11-10 16:29:31 - PHP Notice:  Undefined index: visible in D:\OpenServer\domains\villa-crimea.com.ru\catalog\model\catalog\product.php on line 15
2017-11-10 16:29:31 - PHP Notice:  Undefined index: visible in D:\OpenServer\domains\villa-crimea.com.ru\catalog\model\catalog\product.php on line 15
2017-11-10 16:29:31 - PHP Notice:  Undefined index: visible in D:\OpenServer\domains\villa-crimea.com.ru\catalog\model\catalog\product.php on line 15
2017-11-10 16:29:31 - PHP Notice:  Undefined index: visible in D:\OpenServer\domains\villa-crimea.com.ru\catalog\model\catalog\product.php on line 15
2017-11-10 16:29:31 - PHP Notice:  Undefined index: visible in D:\OpenServer\domains\villa-crimea.com.ru\catalog\model\catalog\product.php on line 15
2017-11-10 16:29:31 - PHP Notice:  Undefined index: visible in D:\OpenServer\domains\villa-crimea.com.ru\catalog\model\catalog\product.php on line 15
2017-11-10 16:29:31 - PHP Notice:  Undefined index: visible in D:\OpenServer\domains\villa-crimea.com.ru\catalog\model\catalog\product.php on line 15
2017-11-10 16:29:31 - PHP Notice:  Undefined index: visible in D:\OpenServer\domains\villa-crimea.com.ru\catalog\model\catalog\product.php on line 15
2017-11-10 16:29:31 - PHP Notice:  Undefined index: visible in D:\OpenServer\domains\villa-crimea.com.ru\catalog\model\catalog\product.php on line 15
2017-11-10 16:29:31 - PHP Notice:  Undefined index: visible in D:\OpenServer\domains\villa-crimea.com.ru\catalog\model\catalog\product.php on line 15
2017-11-10 16:29:31 - PHP Notice:  Undefined index: visible in D:\OpenServer\domains\villa-crimea.com.ru\catalog\model\catalog\product.php on line 15
2017-11-10 16:29:31 - PHP Notice:  Undefined index: visible in D:\OpenServer\domains\villa-crimea.com.ru\catalog\model\catalog\product.php on line 15
2017-11-10 16:29:31 - PHP Notice:  Undefined index: visible in D:\OpenServer\domains\villa-crimea.com.ru\catalog\model\catalog\product.php on line 15
2017-11-10 16:29:31 - PHP Notice:  Error: Unknown column 'p.visible' in 'on clause'<br />Error No: 1054<br />SELECT fgd.name, fd.name AS value FROM oc_filter_group_description AS fgd JOIN oc_filter_description AS fd JOIN oc_filter as f JOIN oc_product_filter AS pf JOIN oc_product AS p
		ON (fgd.filter_group_id = fd.filter_group_id) AND (fgd.filter_group_id != 2) AND (fgd.filter_group_id != 7) AND (pf.filter_id = fd.filter_id) AND (pf.filter_id = f.filter_id) AND (fgd.filter_group_id = f.filter_group_id) AND (p.product_id = pf.product_id) AND (p.visible = 0)
		AND (fgd.language_id = '2') AND (pf.product_id = '362') ORDER BY f.sort_order in D:\OpenServer\domains\villa-crimea.com.ru\system\library\db\mysqli.php on line 40
2017-11-10 16:29:31 - PHP Notice:  Trying to get property of non-object in D:\OpenServer\domains\villa-crimea.com.ru\catalog\model\catalog\category.php on line 59
2017-11-10 16:29:31 - PHP Notice:  Error: Unknown column 'p.visible' in 'on clause'<br />Error No: 1054<br />SELECT fgd.name, fd.name AS value FROM oc_filter_group_description AS fgd JOIN oc_filter_description AS fd JOIN oc_filter as f JOIN oc_product_filter AS pf JOIN oc_product AS p
		ON (fgd.filter_group_id = fd.filter_group_id) AND (fgd.filter_group_id != 2) AND (fgd.filter_group_id != 7) AND (pf.filter_id = fd.filter_id) AND (pf.filter_id = f.filter_id) AND (fgd.filter_group_id = f.filter_group_id) AND (p.product_id = pf.product_id) AND (p.visible = 0)
		AND (fgd.language_id = '2') AND (pf.product_id = '634') ORDER BY f.sort_order in D:\OpenServer\domains\villa-crimea.com.ru\system\library\db\mysqli.php on line 40
2017-11-10 16:29:31 - PHP Notice:  Trying to get property of non-object in D:\OpenServer\domains\villa-crimea.com.ru\catalog\model\catalog\category.php on line 59
2017-11-10 16:29:31 - PHP Notice:  Error: Unknown column 'p.visible' in 'on clause'<br />Error No: 1054<br />SELECT fgd.name, fd.name AS value FROM oc_filter_group_description AS fgd JOIN oc_filter_description AS fd JOIN oc_filter as f JOIN oc_product_filter AS pf JOIN oc_product AS p
		ON (fgd.filter_group_id = fd.filter_group_id) AND (fgd.filter_group_id != 2) AND (fgd.filter_group_id != 7) AND (pf.filter_id = fd.filter_id) AND (pf.filter_id = f.filter_id) AND (fgd.filter_group_id = f.filter_group_id) AND (p.product_id = pf.product_id) AND (p.visible = 0)
		AND (fgd.language_id = '2') AND (pf.product_id = '301') ORDER BY f.sort_order in D:\OpenServer\domains\villa-crimea.com.ru\system\library\db\mysqli.php on line 40
2017-11-10 16:29:31 - PHP Notice:  Trying to get property of non-object in D:\OpenServer\domains\villa-crimea.com.ru\catalog\model\catalog\category.php on line 59
2017-11-10 16:29:31 - PHP Notice:  Error: Unknown column 'p.visible' in 'on clause'<br />Error No: 1054<br />SELECT fgd.name, fd.name AS value FROM oc_filter_group_description AS fgd JOIN oc_filter_description AS fd JOIN oc_filter as f JOIN oc_product_filter AS pf JOIN oc_product AS p
		ON (fgd.filter_group_id = fd.filter_group_id) AND (fgd.filter_group_id != 2) AND (fgd.filter_group_id != 7) AND (pf.filter_id = fd.filter_id) AND (pf.filter_id = f.filter_id) AND (fgd.filter_group_id = f.filter_group_id) AND (p.product_id = pf.product_id) AND (p.visible = 0)
		AND (fgd.language_id = '2') AND (pf.product_id = '409') ORDER BY f.sort_order in D:\OpenServer\domains\villa-crimea.com.ru\system\library\db\mysqli.php on line 40
2017-11-10 16:29:31 - PHP Notice:  Trying to get property of non-object in D:\OpenServer\domains\villa-crimea.com.ru\catalog\model\catalog\category.php on line 59
2017-11-10 16:29:31 - PHP Notice:  Error: Unknown column 'p.visible' in 'on clause'<br />Error No: 1054<br />SELECT fgd.name, fd.name AS value FROM oc_filter_group_description AS fgd JOIN oc_filter_description AS fd JOIN oc_filter as f JOIN oc_product_filter AS pf JOIN oc_product AS p
		ON (fgd.filter_group_id = fd.filter_group_id) AND (fgd.filter_group_id != 2) AND (fgd.filter_group_id != 7) AND (pf.filter_id = fd.filter_id) AND (pf.filter_id = f.filter_id) AND (fgd.filter_group_id = f.filter_group_id) AND (p.product_id = pf.product_id) AND (p.visible = 0)
		AND (fgd.language_id = '2') AND (pf.product_id = '405') ORDER BY f.sort_order in D:\OpenServer\domains\villa-crimea.com.ru\system\library\db\mysqli.php on line 40
2017-11-10 16:29:31 - PHP Notice:  Trying to get property of non-object in D:\OpenServer\domains\villa-crimea.com.ru\catalog\model\catalog\category.php on line 59
2017-11-10 16:29:31 - PHP Notice:  Error: Unknown column 'p.visible' in 'on clause'<br />Error No: 1054<br />SELECT fgd.name, fd.name AS value FROM oc_filter_group_description AS fgd JOIN oc_filter_description AS fd JOIN oc_filter as f JOIN oc_product_filter AS pf JOIN oc_product AS p
		ON (fgd.filter_group_id = fd.filter_group_id) AND (fgd.filter_group_id != 2) AND (fgd.filter_group_id != 7) AND (pf.filter_id = fd.filter_id) AND (pf.filter_id = f.filter_id) AND (fgd.filter_group_id = f.filter_group_id) AND (p.product_id = pf.product_id) AND (p.visible = 0)
		AND (fgd.language_id = '2') AND (pf.product_id = '526') ORDER BY f.sort_order in D:\OpenServer\domains\villa-crimea.com.ru\system\library\db\mysqli.php on line 40
2017-11-10 16:29:31 - PHP Notice:  Trying to get property of non-object in D:\OpenServer\domains\villa-crimea.com.ru\catalog\model\catalog\category.php on line 59
2017-11-10 16:29:31 - PHP Notice:  Error: Unknown column 'p.visible' in 'on clause'<br />Error No: 1054<br />SELECT fgd.name, fd.name AS value FROM oc_filter_group_description AS fgd JOIN oc_filter_description AS fd JOIN oc_filter as f JOIN oc_product_filter AS pf JOIN oc_product AS p
		ON (fgd.filter_group_id = fd.filter_group_id) AND (fgd.filter_group_id != 2) AND (fgd.filter_group_id != 7) AND (pf.filter_id = fd.filter_id) AND (pf.filter_id = f.filter_id) AND (fgd.filter_group_id = f.filter_group_id) AND (p.product_id = pf.product_id) AND (p.visible = 0)
		AND (fgd.language_id = '2') AND (pf.product_id = '548') ORDER BY f.sort_order in D:\OpenServer\domains\villa-crimea.com.ru\system\library\db\mysqli.php on line 40
2017-11-10 16:29:31 - PHP Notice:  Trying to get property of non-object in D:\OpenServer\domains\villa-crimea.com.ru\catalog\model\catalog\category.php on line 59
2017-11-10 16:29:31 - PHP Notice:  Error: Unknown column 'p.visible' in 'on clause'<br />Error No: 1054<br />SELECT fgd.name, fd.name AS value FROM oc_filter_group_description AS fgd JOIN oc_filter_description AS fd JOIN oc_filter as f JOIN oc_product_filter AS pf JOIN oc_product AS p
		ON (fgd.filter_group_id = fd.filter_group_id) AND (fgd.filter_group_id != 2) AND (fgd.filter_group_id != 7) AND (pf.filter_id = fd.filter_id) AND (pf.filter_id = f.filter_id) AND (fgd.filter_group_id = f.filter_group_id) AND (p.product_id = pf.product_id) AND (p.visible = 0)
		AND (fgd.language_id = '2') AND (pf.product_id = '528') ORDER BY f.sort_order in D:\OpenServer\domains\villa-crimea.com.ru\system\library\db\mysqli.php on line 40
2017-11-10 16:29:31 - PHP Notice:  Trying to get property of non-object in D:\OpenServer\domains\villa-crimea.com.ru\catalog\model\catalog\category.php on line 59
2017-11-10 16:29:31 - PHP Notice:  Error: Unknown column 'p.visible' in 'on clause'<br />Error No: 1054<br />SELECT fgd.name, fd.name AS value FROM oc_filter_group_description AS fgd JOIN oc_filter_description AS fd JOIN oc_filter as f JOIN oc_product_filter AS pf JOIN oc_product AS p
		ON (fgd.filter_group_id = fd.filter_group_id) AND (fgd.filter_group_id != 2) AND (fgd.filter_group_id != 7) AND (pf.filter_id = fd.filter_id) AND (pf.filter_id = f.filter_id) AND (fgd.filter_group_id = f.filter_group_id) AND (p.product_id = pf.product_id) AND (p.visible = 0)
		AND (fgd.language_id = '2') AND (pf.product_id = '484') ORDER BY f.sort_order in D:\OpenServer\domains\villa-crimea.com.ru\system\library\db\mysqli.php on line 40
2017-11-10 16:29:31 - PHP Notice:  Trying to get property of non-object in D:\OpenServer\domains\villa-crimea.com.ru\catalog\model\catalog\category.php on line 59
2017-11-10 16:29:31 - PHP Notice:  Error: Unknown column 'p.visible' in 'on clause'<br />Error No: 1054<br />SELECT fgd.name, fd.name AS value FROM oc_filter_group_description AS fgd JOIN oc_filter_description AS fd JOIN oc_filter as f JOIN oc_product_filter AS pf JOIN oc_product AS p
		ON (fgd.filter_group_id = fd.filter_group_id) AND (fgd.filter_group_id != 2) AND (fgd.filter_group_id != 7) AND (pf.filter_id = fd.filter_id) AND (pf.filter_id = f.filter_id) AND (fgd.filter_group_id = f.filter_group_id) AND (p.product_id = pf.product_id) AND (p.visible = 0)
		AND (fgd.language_id = '2') AND (pf.product_id = '527') ORDER BY f.sort_order in D:\OpenServer\domains\villa-crimea.com.ru\system\library\db\mysqli.php on line 40
2017-11-10 16:29:31 - PHP Notice:  Trying to get property of non-object in D:\OpenServer\domains\villa-crimea.com.ru\catalog\model\catalog\category.php on line 59
2017-11-10 16:29:31 - PHP Notice:  Error: Unknown column 'p.visible' in 'on clause'<br />Error No: 1054<br />SELECT fgd.name, fd.name AS value FROM oc_filter_group_description AS fgd JOIN oc_filter_description AS fd JOIN oc_filter as f JOIN oc_product_filter AS pf JOIN oc_product AS p
		ON (fgd.filter_group_id = fd.filter_group_id) AND (fgd.filter_group_id != 2) AND (fgd.filter_group_id != 7) AND (pf.filter_id = fd.filter_id) AND (pf.filter_id = f.filter_id) AND (fgd.filter_group_id = f.filter_group_id) AND (p.product_id = pf.product_id) AND (p.visible = 0)
		AND (fgd.language_id = '2') AND (pf.product_id = '552') ORDER BY f.sort_order in D:\OpenServer\domains\villa-crimea.com.ru\system\library\db\mysqli.php on line 40
2017-11-10 16:29:31 - PHP Notice:  Trying to get property of non-object in D:\OpenServer\domains\villa-crimea.com.ru\catalog\model\catalog\category.php on line 59
2017-11-10 16:29:31 - PHP Notice:  Error: Unknown column 'p.visible' in 'on clause'<br />Error No: 1054<br />SELECT fgd.name, fd.name AS value FROM oc_filter_group_description AS fgd JOIN oc_filter_description AS fd JOIN oc_filter as f JOIN oc_product_filter AS pf JOIN oc_product AS p
		ON (fgd.filter_group_id = fd.filter_group_id) AND (fgd.filter_group_id != 2) AND (fgd.filter_group_id != 7) AND (pf.filter_id = fd.filter_id) AND (pf.filter_id = f.filter_id) AND (fgd.filter_group_id = f.filter_group_id) AND (p.product_id = pf.product_id) AND (p.visible = 0)
		AND (fgd.language_id = '2') AND (pf.product_id = '542') ORDER BY f.sort_order in D:\OpenServer\domains\villa-crimea.com.ru\system\library\db\mysqli.php on line 40
2017-11-10 16:29:31 - PHP Notice:  Trying to get property of non-object in D:\OpenServer\domains\villa-crimea.com.ru\catalog\model\catalog\category.php on line 59
2017-11-10 16:29:31 - PHP Notice:  Error: Unknown column 'p.visible' in 'on clause'<br />Error No: 1054<br />SELECT fgd.name, fd.name AS value FROM oc_filter_group_description AS fgd JOIN oc_filter_description AS fd JOIN oc_filter as f JOIN oc_product_filter AS pf JOIN oc_product AS p
		ON (fgd.filter_group_id = fd.filter_group_id) AND (fgd.filter_group_id != 2) AND (fgd.filter_group_id != 7) AND (pf.filter_id = fd.filter_id) AND (pf.filter_id = f.filter_id) AND (fgd.filter_group_id = f.filter_group_id) AND (p.product_id = pf.product_id) AND (p.visible = 0)
		AND (fgd.language_id = '2') AND (pf.product_id = '543') ORDER BY f.sort_order in D:\OpenServer\domains\villa-crimea.com.ru\system\library\db\mysqli.php on line 40
2017-11-10 16:29:31 - PHP Notice:  Trying to get property of non-object in D:\OpenServer\domains\villa-crimea.com.ru\catalog\model\catalog\category.php on line 59
2017-11-10 16:29:31 - PHP Notice:  Error: Unknown column 'p.visible' in 'on clause'<br />Error No: 1054<br />SELECT fgd.name, fd.name AS value FROM oc_filter_group_description AS fgd JOIN oc_filter_description AS fd JOIN oc_filter as f JOIN oc_product_filter AS pf JOIN oc_product AS p
		ON (fgd.filter_group_id = fd.filter_group_id) AND (fgd.filter_group_id != 2) AND (fgd.filter_group_id != 7) AND (pf.filter_id = fd.filter_id) AND (pf.filter_id = f.filter_id) AND (fgd.filter_group_id = f.filter_group_id) AND (p.product_id = pf.product_id) AND (p.visible = 0)
		AND (fgd.language_id = '2') AND (pf.product_id = '359') ORDER BY f.sort_order in D:\OpenServer\domains\villa-crimea.com.ru\system\library\db\mysqli.php on line 40
2017-11-10 16:29:31 - PHP Notice:  Trying to get property of non-object in D:\OpenServer\domains\villa-crimea.com.ru\catalog\model\catalog\category.php on line 59
2017-11-10 16:29:31 - PHP Notice:  Error: Unknown column 'p.visible' in 'on clause'<br />Error No: 1054<br />SELECT fgd.name, fd.name AS value FROM oc_filter_group_description AS fgd JOIN oc_filter_description AS fd JOIN oc_filter as f JOIN oc_product_filter AS pf JOIN oc_product AS p
		ON (fgd.filter_group_id = fd.filter_group_id) AND (fgd.filter_group_id != 2) AND (fgd.filter_group_id != 7) AND (pf.filter_id = fd.filter_id) AND (pf.filter_id = f.filter_id) AND (fgd.filter_group_id = f.filter_group_id) AND (p.product_id = pf.product_id) AND (p.visible = 0)
		AND (fgd.language_id = '2') AND (pf.product_id = '363') ORDER BY f.sort_order in D:\OpenServer\domains\villa-crimea.com.ru\system\library\db\mysqli.php on line 40
2017-11-10 16:29:31 - PHP Notice:  Trying to get property of non-object in D:\OpenServer\domains\villa-crimea.com.ru\catalog\model\catalog\category.php on line 59
2017-11-10 16:31:08 - PHP Notice:  Undefined index: visible in D:\OpenServer\domains\villa-crimea.com.ru\catalog\model\catalog\product.php on line 15
2017-11-10 16:31:08 - PHP Notice:  Undefined index: visible in D:\OpenServer\domains\villa-crimea.com.ru\catalog\model\catalog\product.php on line 15
2017-11-10 16:31:08 - PHP Notice:  Undefined index: visible in D:\OpenServer\domains\villa-crimea.com.ru\catalog\model\catalog\product.php on line 15
2017-11-10 16:31:08 - PHP Notice:  Undefined index: visible in D:\OpenServer\domains\villa-crimea.com.ru\catalog\model\catalog\product.php on line 15
2017-11-10 16:31:08 - PHP Notice:  Undefined index: visible in D:\OpenServer\domains\villa-crimea.com.ru\catalog\model\catalog\product.php on line 15
2017-11-10 16:31:08 - PHP Notice:  Undefined index: visible in D:\OpenServer\domains\villa-crimea.com.ru\catalog\model\catalog\product.php on line 15
2017-11-10 16:31:08 - PHP Notice:  Undefined index: visible in D:\OpenServer\domains\villa-crimea.com.ru\catalog\model\catalog\product.php on line 15
2017-11-10 16:31:08 - PHP Notice:  Undefined index: visible in D:\OpenServer\domains\villa-crimea.com.ru\catalog\model\catalog\product.php on line 15
2017-11-10 16:31:08 - PHP Notice:  Undefined index: visible in D:\OpenServer\domains\villa-crimea.com.ru\catalog\model\catalog\product.php on line 15
2017-11-10 16:31:08 - PHP Notice:  Undefined index: visible in D:\OpenServer\domains\villa-crimea.com.ru\catalog\model\catalog\product.php on line 15
2017-11-10 16:31:08 - PHP Notice:  Undefined index: visible in D:\OpenServer\domains\villa-crimea.com.ru\catalog\model\catalog\product.php on line 15
2017-11-10 16:31:08 - PHP Notice:  Undefined index: visible in D:\OpenServer\domains\villa-crimea.com.ru\catalog\model\catalog\product.php on line 15
2017-11-10 16:31:08 - PHP Notice:  Undefined index: visible in D:\OpenServer\domains\villa-crimea.com.ru\catalog\model\catalog\product.php on line 15
2017-11-10 16:31:08 - PHP Notice:  Undefined index: visible in D:\OpenServer\domains\villa-crimea.com.ru\catalog\model\catalog\product.php on line 15
2017-11-10 16:31:08 - PHP Notice:  Undefined index: visible in D:\OpenServer\domains\villa-crimea.com.ru\catalog\model\catalog\product.php on line 15
2017-11-10 16:31:08 - PHP Notice:  Error: Unknown column 'p.visible' in 'on clause'<br />Error No: 1054<br />SELECT fgd.name, fd.name AS value FROM oc_filter_group_description AS fgd JOIN oc_filter_description AS fd JOIN oc_filter as f JOIN oc_product_filter AS pf JOIN oc_product AS p
		ON (fgd.filter_group_id = fd.filter_group_id) AND (fgd.filter_group_id != 2) AND (fgd.filter_group_id != 7) AND (pf.filter_id = fd.filter_id) AND (pf.filter_id = f.filter_id) AND (fgd.filter_group_id = f.filter_group_id) AND (p.product_id = pf.product_id) AND (p.visible = 0)
		AND (fgd.language_id = '2') AND (pf.product_id = '382') ORDER BY f.sort_order in D:\OpenServer\domains\villa-crimea.com.ru\system\library\db\mysqli.php on line 40
2017-11-10 16:31:08 - PHP Notice:  Trying to get property of non-object in D:\OpenServer\domains\villa-crimea.com.ru\catalog\model\catalog\category.php on line 59
2017-11-10 16:31:08 - PHP Notice:  Error: Unknown column 'p.visible' in 'on clause'<br />Error No: 1054<br />SELECT fgd.name, fd.name AS value FROM oc_filter_group_description AS fgd JOIN oc_filter_description AS fd JOIN oc_filter as f JOIN oc_product_filter AS pf JOIN oc_product AS p
		ON (fgd.filter_group_id = fd.filter_group_id) AND (fgd.filter_group_id != 2) AND (fgd.filter_group_id != 7) AND (pf.filter_id = fd.filter_id) AND (pf.filter_id = f.filter_id) AND (fgd.filter_group_id = f.filter_group_id) AND (p.product_id = pf.product_id) AND (p.visible = 0)
		AND (fgd.language_id = '2') AND (pf.product_id = '475') ORDER BY f.sort_order in D:\OpenServer\domains\villa-crimea.com.ru\system\library\db\mysqli.php on line 40
2017-11-10 16:31:08 - PHP Notice:  Trying to get property of non-object in D:\OpenServer\domains\villa-crimea.com.ru\catalog\model\catalog\category.php on line 59
2017-11-10 16:31:08 - PHP Notice:  Error: Unknown column 'p.visible' in 'on clause'<br />Error No: 1054<br />SELECT fgd.name, fd.name AS value FROM oc_filter_group_description AS fgd JOIN oc_filter_description AS fd JOIN oc_filter as f JOIN oc_product_filter AS pf JOIN oc_product AS p
		ON (fgd.filter_group_id = fd.filter_group_id) AND (fgd.filter_group_id != 2) AND (fgd.filter_group_id != 7) AND (pf.filter_id = fd.filter_id) AND (pf.filter_id = f.filter_id) AND (fgd.filter_group_id = f.filter_group_id) AND (p.product_id = pf.product_id) AND (p.visible = 0)
		AND (fgd.language_id = '2') AND (pf.product_id = '74') ORDER BY f.sort_order in D:\OpenServer\domains\villa-crimea.com.ru\system\library\db\mysqli.php on line 40
2017-11-10 16:31:08 - PHP Notice:  Trying to get property of non-object in D:\OpenServer\domains\villa-crimea.com.ru\catalog\model\catalog\category.php on line 59
2017-11-10 16:31:08 - PHP Notice:  Error: Unknown column 'p.visible' in 'on clause'<br />Error No: 1054<br />SELECT fgd.name, fd.name AS value FROM oc_filter_group_description AS fgd JOIN oc_filter_description AS fd JOIN oc_filter as f JOIN oc_product_filter AS pf JOIN oc_product AS p
		ON (fgd.filter_group_id = fd.filter_group_id) AND (fgd.filter_group_id != 2) AND (fgd.filter_group_id != 7) AND (pf.filter_id = fd.filter_id) AND (pf.filter_id = f.filter_id) AND (fgd.filter_group_id = f.filter_group_id) AND (p.product_id = pf.product_id) AND (p.visible = 0)
		AND (fgd.language_id = '2') AND (pf.product_id = '75') ORDER BY f.sort_order in D:\OpenServer\domains\villa-crimea.com.ru\system\library\db\mysqli.php on line 40
2017-11-10 16:31:08 - PHP Notice:  Trying to get property of non-object in D:\OpenServer\domains\villa-crimea.com.ru\catalog\model\catalog\category.php on line 59
2017-11-10 16:31:08 - PHP Notice:  Error: Unknown column 'p.visible' in 'on clause'<br />Error No: 1054<br />SELECT fgd.name, fd.name AS value FROM oc_filter_group_description AS fgd JOIN oc_filter_description AS fd JOIN oc_filter as f JOIN oc_product_filter AS pf JOIN oc_product AS p
		ON (fgd.filter_group_id = fd.filter_group_id) AND (fgd.filter_group_id != 2) AND (fgd.filter_group_id != 7) AND (pf.filter_id = fd.filter_id) AND (pf.filter_id = f.filter_id) AND (fgd.filter_group_id = f.filter_group_id) AND (p.product_id = pf.product_id) AND (p.visible = 0)
		AND (fgd.language_id = '2') AND (pf.product_id = '478') ORDER BY f.sort_order in D:\OpenServer\domains\villa-crimea.com.ru\system\library\db\mysqli.php on line 40
2017-11-10 16:31:08 - PHP Notice:  Trying to get property of non-object in D:\OpenServer\domains\villa-crimea.com.ru\catalog\model\catalog\category.php on line 59
2017-11-10 16:31:08 - PHP Notice:  Error: Unknown column 'p.visible' in 'on clause'<br />Error No: 1054<br />SELECT fgd.name, fd.name AS value FROM oc_filter_group_description AS fgd JOIN oc_filter_description AS fd JOIN oc_filter as f JOIN oc_product_filter AS pf JOIN oc_product AS p
		ON (fgd.filter_group_id = fd.filter_group_id) AND (fgd.filter_group_id != 2) AND (fgd.filter_group_id != 7) AND (pf.filter_id = fd.filter_id) AND (pf.filter_id = f.filter_id) AND (fgd.filter_group_id = f.filter_group_id) AND (p.product_id = pf.product_id) AND (p.visible = 0)
		AND (fgd.language_id = '2') AND (pf.product_id = '77') ORDER BY f.sort_order in D:\OpenServer\domains\villa-crimea.com.ru\system\library\db\mysqli.php on line 40
2017-11-10 16:31:08 - PHP Notice:  Trying to get property of non-object in D:\OpenServer\domains\villa-crimea.com.ru\catalog\model\catalog\category.php on line 59
2017-11-10 16:31:08 - PHP Notice:  Error: Unknown column 'p.visible' in 'on clause'<br />Error No: 1054<br />SELECT fgd.name, fd.name AS value FROM oc_filter_group_description AS fgd JOIN oc_filter_description AS fd JOIN oc_filter as f JOIN oc_product_filter AS pf JOIN oc_product AS p
		ON (fgd.filter_group_id = fd.filter_group_id) AND (fgd.filter_group_id != 2) AND (fgd.filter_group_id != 7) AND (pf.filter_id = fd.filter_id) AND (pf.filter_id = f.filter_id) AND (fgd.filter_group_id = f.filter_group_id) AND (p.product_id = pf.product_id) AND (p.visible = 0)
		AND (fgd.language_id = '2') AND (pf.product_id = '497') ORDER BY f.sort_order in D:\OpenServer\domains\villa-crimea.com.ru\system\library\db\mysqli.php on line 40
2017-11-10 16:31:08 - PHP Notice:  Trying to get property of non-object in D:\OpenServer\domains\villa-crimea.com.ru\catalog\model\catalog\category.php on line 59
2017-11-10 16:31:08 - PHP Notice:  Error: Unknown column 'p.visible' in 'on clause'<br />Error No: 1054<br />SELECT fgd.name, fd.name AS value FROM oc_filter_group_description AS fgd JOIN oc_filter_description AS fd JOIN oc_filter as f JOIN oc_product_filter AS pf JOIN oc_product AS p
		ON (fgd.filter_group_id = fd.filter_group_id) AND (fgd.filter_group_id != 2) AND (fgd.filter_group_id != 7) AND (pf.filter_id = fd.filter_id) AND (pf.filter_id = f.filter_id) AND (fgd.filter_group_id = f.filter_group_id) AND (p.product_id = pf.product_id) AND (p.visible = 0)
		AND (fgd.language_id = '2') AND (pf.product_id = '79') ORDER BY f.sort_order in D:\OpenServer\domains\villa-crimea.com.ru\system\library\db\mysqli.php on line 40
2017-11-10 16:31:08 - PHP Notice:  Trying to get property of non-object in D:\OpenServer\domains\villa-crimea.com.ru\catalog\model\catalog\category.php on line 59
2017-11-10 16:31:08 - PHP Notice:  Error: Unknown column 'p.visible' in 'on clause'<br />Error No: 1054<br />SELECT fgd.name, fd.name AS value FROM oc_filter_group_description AS fgd JOIN oc_filter_description AS fd JOIN oc_filter as f JOIN oc_product_filter AS pf JOIN oc_product AS p
		ON (fgd.filter_group_id = fd.filter_group_id) AND (fgd.filter_group_id != 2) AND (fgd.filter_group_id != 7) AND (pf.filter_id = fd.filter_id) AND (pf.filter_id = f.filter_id) AND (fgd.filter_group_id = f.filter_group_id) AND (p.product_id = pf.product_id) AND (p.visible = 0)
		AND (fgd.language_id = '2') AND (pf.product_id = '80') ORDER BY f.sort_order in D:\OpenServer\domains\villa-crimea.com.ru\system\library\db\mysqli.php on line 40
2017-11-10 16:31:08 - PHP Notice:  Trying to get property of non-object in D:\OpenServer\domains\villa-crimea.com.ru\catalog\model\catalog\category.php on line 59
2017-11-10 16:31:09 - PHP Notice:  Error: Unknown column 'p.visible' in 'on clause'<br />Error No: 1054<br />SELECT fgd.name, fd.name AS value FROM oc_filter_group_description AS fgd JOIN oc_filter_description AS fd JOIN oc_filter as f JOIN oc_product_filter AS pf JOIN oc_product AS p
		ON (fgd.filter_group_id = fd.filter_group_id) AND (fgd.filter_group_id != 2) AND (fgd.filter_group_id != 7) AND (pf.filter_id = fd.filter_id) AND (pf.filter_id = f.filter_id) AND (fgd.filter_group_id = f.filter_group_id) AND (p.product_id = pf.product_id) AND (p.visible = 0)
		AND (fgd.language_id = '2') AND (pf.product_id = '351') ORDER BY f.sort_order in D:\OpenServer\domains\villa-crimea.com.ru\system\library\db\mysqli.php on line 40
2017-11-10 16:31:09 - PHP Notice:  Trying to get property of non-object in D:\OpenServer\domains\villa-crimea.com.ru\catalog\model\catalog\category.php on line 59
2017-11-10 16:31:09 - PHP Notice:  Error: Unknown column 'p.visible' in 'on clause'<br />Error No: 1054<br />SELECT fgd.name, fd.name AS value FROM oc_filter_group_description AS fgd JOIN oc_filter_description AS fd JOIN oc_filter as f JOIN oc_product_filter AS pf JOIN oc_product AS p
		ON (fgd.filter_group_id = fd.filter_group_id) AND (fgd.filter_group_id != 2) AND (fgd.filter_group_id != 7) AND (pf.filter_id = fd.filter_id) AND (pf.filter_id = f.filter_id) AND (fgd.filter_group_id = f.filter_group_id) AND (p.product_id = pf.product_id) AND (p.visible = 0)
		AND (fgd.language_id = '2') AND (pf.product_id = '84') ORDER BY f.sort_order in D:\OpenServer\domains\villa-crimea.com.ru\system\library\db\mysqli.php on line 40
2017-11-10 16:31:09 - PHP Notice:  Trying to get property of non-object in D:\OpenServer\domains\villa-crimea.com.ru\catalog\model\catalog\category.php on line 59
2017-11-10 16:31:09 - PHP Notice:  Error: Unknown column 'p.visible' in 'on clause'<br />Error No: 1054<br />SELECT fgd.name, fd.name AS value FROM oc_filter_group_description AS fgd JOIN oc_filter_description AS fd JOIN oc_filter as f JOIN oc_product_filter AS pf JOIN oc_product AS p
		ON (fgd.filter_group_id = fd.filter_group_id) AND (fgd.filter_group_id != 2) AND (fgd.filter_group_id != 7) AND (pf.filter_id = fd.filter_id) AND (pf.filter_id = f.filter_id) AND (fgd.filter_group_id = f.filter_group_id) AND (p.product_id = pf.product_id) AND (p.visible = 0)
		AND (fgd.language_id = '2') AND (pf.product_id = '87') ORDER BY f.sort_order in D:\OpenServer\domains\villa-crimea.com.ru\system\library\db\mysqli.php on line 40
2017-11-10 16:31:09 - PHP Notice:  Trying to get property of non-object in D:\OpenServer\domains\villa-crimea.com.ru\catalog\model\catalog\category.php on line 59
2017-11-10 16:31:09 - PHP Notice:  Error: Unknown column 'p.visible' in 'on clause'<br />Error No: 1054<br />SELECT fgd.name, fd.name AS value FROM oc_filter_group_description AS fgd JOIN oc_filter_description AS fd JOIN oc_filter as f JOIN oc_product_filter AS pf JOIN oc_product AS p
		ON (fgd.filter_group_id = fd.filter_group_id) AND (fgd.filter_group_id != 2) AND (fgd.filter_group_id != 7) AND (pf.filter_id = fd.filter_id) AND (pf.filter_id = f.filter_id) AND (fgd.filter_group_id = f.filter_group_id) AND (p.product_id = pf.product_id) AND (p.visible = 0)
		AND (fgd.language_id = '2') AND (pf.product_id = '376') ORDER BY f.sort_order in D:\OpenServer\domains\villa-crimea.com.ru\system\library\db\mysqli.php on line 40
2017-11-10 16:31:09 - PHP Notice:  Trying to get property of non-object in D:\OpenServer\domains\villa-crimea.com.ru\catalog\model\catalog\category.php on line 59
2017-11-10 16:31:09 - PHP Notice:  Error: Unknown column 'p.visible' in 'on clause'<br />Error No: 1054<br />SELECT fgd.name, fd.name AS value FROM oc_filter_group_description AS fgd JOIN oc_filter_description AS fd JOIN oc_filter as f JOIN oc_product_filter AS pf JOIN oc_product AS p
		ON (fgd.filter_group_id = fd.filter_group_id) AND (fgd.filter_group_id != 2) AND (fgd.filter_group_id != 7) AND (pf.filter_id = fd.filter_id) AND (pf.filter_id = f.filter_id) AND (fgd.filter_group_id = f.filter_group_id) AND (p.product_id = pf.product_id) AND (p.visible = 0)
		AND (fgd.language_id = '2') AND (pf.product_id = '656') ORDER BY f.sort_order in D:\OpenServer\domains\villa-crimea.com.ru\system\library\db\mysqli.php on line 40
2017-11-10 16:31:09 - PHP Notice:  Trying to get property of non-object in D:\OpenServer\domains\villa-crimea.com.ru\catalog\model\catalog\category.php on line 59
2017-11-10 16:31:09 - PHP Notice:  Error: Unknown column 'p.visible' in 'on clause'<br />Error No: 1054<br />SELECT fgd.name, fd.name AS value FROM oc_filter_group_description AS fgd JOIN oc_filter_description AS fd JOIN oc_filter as f JOIN oc_product_filter AS pf JOIN oc_product AS p
		ON (fgd.filter_group_id = fd.filter_group_id) AND (fgd.filter_group_id != 2) AND (fgd.filter_group_id != 7) AND (pf.filter_id = fd.filter_id) AND (pf.filter_id = f.filter_id) AND (fgd.filter_group_id = f.filter_group_id) AND (p.product_id = pf.product_id) AND (p.visible = 0)
		AND (fgd.language_id = '2') AND (pf.product_id = '352') ORDER BY f.sort_order in D:\OpenServer\domains\villa-crimea.com.ru\system\library\db\mysqli.php on line 40
2017-11-10 16:31:09 - PHP Notice:  Trying to get property of non-object in D:\OpenServer\domains\villa-crimea.com.ru\catalog\model\catalog\category.php on line 59
2017-11-10 16:31:13 - PHP Notice:  Undefined index: visible in D:\OpenServer\domains\villa-crimea.com.ru\catalog\model\catalog\product.php on line 15
2017-11-10 16:31:13 - PHP Notice:  Undefined index: visible in D:\OpenServer\domains\villa-crimea.com.ru\catalog\model\catalog\product.php on line 15
2017-11-10 16:31:13 - PHP Notice:  Undefined index: visible in D:\OpenServer\domains\villa-crimea.com.ru\catalog\model\catalog\product.php on line 15
2017-11-10 16:31:13 - PHP Notice:  Undefined index: visible in D:\OpenServer\domains\villa-crimea.com.ru\catalog\model\catalog\product.php on line 15
2017-11-10 16:31:13 - PHP Notice:  Undefined index: visible in D:\OpenServer\domains\villa-crimea.com.ru\catalog\model\catalog\product.php on line 15
2017-11-10 16:31:13 - PHP Notice:  Undefined index: visible in D:\OpenServer\domains\villa-crimea.com.ru\catalog\model\catalog\product.php on line 15
2017-11-10 16:31:13 - PHP Notice:  Undefined index: visible in D:\OpenServer\domains\villa-crimea.com.ru\catalog\model\catalog\product.php on line 15
2017-11-10 16:31:13 - PHP Notice:  Undefined index: visible in D:\OpenServer\domains\villa-crimea.com.ru\catalog\model\catalog\product.php on line 15
2017-11-10 16:31:13 - PHP Notice:  Undefined index: visible in D:\OpenServer\domains\villa-crimea.com.ru\catalog\model\catalog\product.php on line 15
2017-11-10 16:31:13 - PHP Notice:  Undefined index: visible in D:\OpenServer\domains\villa-crimea.com.ru\catalog\model\catalog\product.php on line 15
2017-11-10 16:31:13 - PHP Notice:  Undefined index: visible in D:\OpenServer\domains\villa-crimea.com.ru\catalog\model\catalog\product.php on line 15
2017-11-10 16:31:13 - PHP Notice:  Undefined index: visible in D:\OpenServer\domains\villa-crimea.com.ru\catalog\model\catalog\product.php on line 15
2017-11-10 16:31:13 - PHP Notice:  Undefined index: visible in D:\OpenServer\domains\villa-crimea.com.ru\catalog\model\catalog\product.php on line 15
2017-11-10 16:31:13 - PHP Notice:  Undefined index: visible in D:\OpenServer\domains\villa-crimea.com.ru\catalog\model\catalog\product.php on line 15
2017-11-10 16:31:13 - PHP Notice:  Undefined index: visible in D:\OpenServer\domains\villa-crimea.com.ru\catalog\model\catalog\product.php on line 15
2017-11-10 16:31:13 - PHP Notice:  Error: Unknown column 'p.visible' in 'on clause'<br />Error No: 1054<br />SELECT fgd.name, fd.name AS value FROM oc_filter_group_description AS fgd JOIN oc_filter_description AS fd JOIN oc_filter as f JOIN oc_product_filter AS pf JOIN oc_product AS p
		ON (fgd.filter_group_id = fd.filter_group_id) AND (fgd.filter_group_id != 2) AND (fgd.filter_group_id != 7) AND (pf.filter_id = fd.filter_id) AND (pf.filter_id = f.filter_id) AND (fgd.filter_group_id = f.filter_group_id) AND (p.product_id = pf.product_id) AND (p.visible = 0)
		AND (fgd.language_id = '2') AND (pf.product_id = '362') ORDER BY f.sort_order in D:\OpenServer\domains\villa-crimea.com.ru\system\library\db\mysqli.php on line 40
2017-11-10 16:31:13 - PHP Notice:  Trying to get property of non-object in D:\OpenServer\domains\villa-crimea.com.ru\catalog\model\catalog\category.php on line 59
2017-11-10 16:31:13 - PHP Notice:  Error: Unknown column 'p.visible' in 'on clause'<br />Error No: 1054<br />SELECT fgd.name, fd.name AS value FROM oc_filter_group_description AS fgd JOIN oc_filter_description AS fd JOIN oc_filter as f JOIN oc_product_filter AS pf JOIN oc_product AS p
		ON (fgd.filter_group_id = fd.filter_group_id) AND (fgd.filter_group_id != 2) AND (fgd.filter_group_id != 7) AND (pf.filter_id = fd.filter_id) AND (pf.filter_id = f.filter_id) AND (fgd.filter_group_id = f.filter_group_id) AND (p.product_id = pf.product_id) AND (p.visible = 0)
		AND (fgd.language_id = '2') AND (pf.product_id = '634') ORDER BY f.sort_order in D:\OpenServer\domains\villa-crimea.com.ru\system\library\db\mysqli.php on line 40
2017-11-10 16:31:13 - PHP Notice:  Trying to get property of non-object in D:\OpenServer\domains\villa-crimea.com.ru\catalog\model\catalog\category.php on line 59
2017-11-10 16:31:13 - PHP Notice:  Error: Unknown column 'p.visible' in 'on clause'<br />Error No: 1054<br />SELECT fgd.name, fd.name AS value FROM oc_filter_group_description AS fgd JOIN oc_filter_description AS fd JOIN oc_filter as f JOIN oc_product_filter AS pf JOIN oc_product AS p
		ON (fgd.filter_group_id = fd.filter_group_id) AND (fgd.filter_group_id != 2) AND (fgd.filter_group_id != 7) AND (pf.filter_id = fd.filter_id) AND (pf.filter_id = f.filter_id) AND (fgd.filter_group_id = f.filter_group_id) AND (p.product_id = pf.product_id) AND (p.visible = 0)
		AND (fgd.language_id = '2') AND (pf.product_id = '301') ORDER BY f.sort_order in D:\OpenServer\domains\villa-crimea.com.ru\system\library\db\mysqli.php on line 40
2017-11-10 16:31:13 - PHP Notice:  Trying to get property of non-object in D:\OpenServer\domains\villa-crimea.com.ru\catalog\model\catalog\category.php on line 59
2017-11-10 16:31:13 - PHP Notice:  Error: Unknown column 'p.visible' in 'on clause'<br />Error No: 1054<br />SELECT fgd.name, fd.name AS value FROM oc_filter_group_description AS fgd JOIN oc_filter_description AS fd JOIN oc_filter as f JOIN oc_product_filter AS pf JOIN oc_product AS p
		ON (fgd.filter_group_id = fd.filter_group_id) AND (fgd.filter_group_id != 2) AND (fgd.filter_group_id != 7) AND (pf.filter_id = fd.filter_id) AND (pf.filter_id = f.filter_id) AND (fgd.filter_group_id = f.filter_group_id) AND (p.product_id = pf.product_id) AND (p.visible = 0)
		AND (fgd.language_id = '2') AND (pf.product_id = '409') ORDER BY f.sort_order in D:\OpenServer\domains\villa-crimea.com.ru\system\library\db\mysqli.php on line 40
2017-11-10 16:31:13 - PHP Notice:  Trying to get property of non-object in D:\OpenServer\domains\villa-crimea.com.ru\catalog\model\catalog\category.php on line 59
2017-11-10 16:31:13 - PHP Notice:  Error: Unknown column 'p.visible' in 'on clause'<br />Error No: 1054<br />SELECT fgd.name, fd.name AS value FROM oc_filter_group_description AS fgd JOIN oc_filter_description AS fd JOIN oc_filter as f JOIN oc_product_filter AS pf JOIN oc_product AS p
		ON (fgd.filter_group_id = fd.filter_group_id) AND (fgd.filter_group_id != 2) AND (fgd.filter_group_id != 7) AND (pf.filter_id = fd.filter_id) AND (pf.filter_id = f.filter_id) AND (fgd.filter_group_id = f.filter_group_id) AND (p.product_id = pf.product_id) AND (p.visible = 0)
		AND (fgd.language_id = '2') AND (pf.product_id = '405') ORDER BY f.sort_order in D:\OpenServer\domains\villa-crimea.com.ru\system\library\db\mysqli.php on line 40
2017-11-10 16:31:13 - PHP Notice:  Trying to get property of non-object in D:\OpenServer\domains\villa-crimea.com.ru\catalog\model\catalog\category.php on line 59
2017-11-10 16:31:13 - PHP Notice:  Error: Unknown column 'p.visible' in 'on clause'<br />Error No: 1054<br />SELECT fgd.name, fd.name AS value FROM oc_filter_group_description AS fgd JOIN oc_filter_description AS fd JOIN oc_filter as f JOIN oc_product_filter AS pf JOIN oc_product AS p
		ON (fgd.filter_group_id = fd.filter_group_id) AND (fgd.filter_group_id != 2) AND (fgd.filter_group_id != 7) AND (pf.filter_id = fd.filter_id) AND (pf.filter_id = f.filter_id) AND (fgd.filter_group_id = f.filter_group_id) AND (p.product_id = pf.product_id) AND (p.visible = 0)
		AND (fgd.language_id = '2') AND (pf.product_id = '526') ORDER BY f.sort_order in D:\OpenServer\domains\villa-crimea.com.ru\system\library\db\mysqli.php on line 40
2017-11-10 16:31:13 - PHP Notice:  Trying to get property of non-object in D:\OpenServer\domains\villa-crimea.com.ru\catalog\model\catalog\category.php on line 59
2017-11-10 16:31:13 - PHP Notice:  Error: Unknown column 'p.visible' in 'on clause'<br />Error No: 1054<br />SELECT fgd.name, fd.name AS value FROM oc_filter_group_description AS fgd JOIN oc_filter_description AS fd JOIN oc_filter as f JOIN oc_product_filter AS pf JOIN oc_product AS p
		ON (fgd.filter_group_id = fd.filter_group_id) AND (fgd.filter_group_id != 2) AND (fgd.filter_group_id != 7) AND (pf.filter_id = fd.filter_id) AND (pf.filter_id = f.filter_id) AND (fgd.filter_group_id = f.filter_group_id) AND (p.product_id = pf.product_id) AND (p.visible = 0)
		AND (fgd.language_id = '2') AND (pf.product_id = '548') ORDER BY f.sort_order in D:\OpenServer\domains\villa-crimea.com.ru\system\library\db\mysqli.php on line 40
2017-11-10 16:31:13 - PHP Notice:  Trying to get property of non-object in D:\OpenServer\domains\villa-crimea.com.ru\catalog\model\catalog\category.php on line 59
2017-11-10 16:31:13 - PHP Notice:  Error: Unknown column 'p.visible' in 'on clause'<br />Error No: 1054<br />SELECT fgd.name, fd.name AS value FROM oc_filter_group_description AS fgd JOIN oc_filter_description AS fd JOIN oc_filter as f JOIN oc_product_filter AS pf JOIN oc_product AS p
		ON (fgd.filter_group_id = fd.filter_group_id) AND (fgd.filter_group_id != 2) AND (fgd.filter_group_id != 7) AND (pf.filter_id = fd.filter_id) AND (pf.filter_id = f.filter_id) AND (fgd.filter_group_id = f.filter_group_id) AND (p.product_id = pf.product_id) AND (p.visible = 0)
		AND (fgd.language_id = '2') AND (pf.product_id = '528') ORDER BY f.sort_order in D:\OpenServer\domains\villa-crimea.com.ru\system\library\db\mysqli.php on line 40
2017-11-10 16:31:13 - PHP Notice:  Trying to get property of non-object in D:\OpenServer\domains\villa-crimea.com.ru\catalog\model\catalog\category.php on line 59
2017-11-10 16:31:13 - PHP Notice:  Error: Unknown column 'p.visible' in 'on clause'<br />Error No: 1054<br />SELECT fgd.name, fd.name AS value FROM oc_filter_group_description AS fgd JOIN oc_filter_description AS fd JOIN oc_filter as f JOIN oc_product_filter AS pf JOIN oc_product AS p
		ON (fgd.filter_group_id = fd.filter_group_id) AND (fgd.filter_group_id != 2) AND (fgd.filter_group_id != 7) AND (pf.filter_id = fd.filter_id) AND (pf.filter_id = f.filter_id) AND (fgd.filter_group_id = f.filter_group_id) AND (p.product_id = pf.product_id) AND (p.visible = 0)
		AND (fgd.language_id = '2') AND (pf.product_id = '484') ORDER BY f.sort_order in D:\OpenServer\domains\villa-crimea.com.ru\system\library\db\mysqli.php on line 40
2017-11-10 16:31:13 - PHP Notice:  Trying to get property of non-object in D:\OpenServer\domains\villa-crimea.com.ru\catalog\model\catalog\category.php on line 59
2017-11-10 16:31:13 - PHP Notice:  Error: Unknown column 'p.visible' in 'on clause'<br />Error No: 1054<br />SELECT fgd.name, fd.name AS value FROM oc_filter_group_description AS fgd JOIN oc_filter_description AS fd JOIN oc_filter as f JOIN oc_product_filter AS pf JOIN oc_product AS p
		ON (fgd.filter_group_id = fd.filter_group_id) AND (fgd.filter_group_id != 2) AND (fgd.filter_group_id != 7) AND (pf.filter_id = fd.filter_id) AND (pf.filter_id = f.filter_id) AND (fgd.filter_group_id = f.filter_group_id) AND (p.product_id = pf.product_id) AND (p.visible = 0)
		AND (fgd.language_id = '2') AND (pf.product_id = '527') ORDER BY f.sort_order in D:\OpenServer\domains\villa-crimea.com.ru\system\library\db\mysqli.php on line 40
2017-11-10 16:31:13 - PHP Notice:  Trying to get property of non-object in D:\OpenServer\domains\villa-crimea.com.ru\catalog\model\catalog\category.php on line 59
2017-11-10 16:31:13 - PHP Notice:  Error: Unknown column 'p.visible' in 'on clause'<br />Error No: 1054<br />SELECT fgd.name, fd.name AS value FROM oc_filter_group_description AS fgd JOIN oc_filter_description AS fd JOIN oc_filter as f JOIN oc_product_filter AS pf JOIN oc_product AS p
		ON (fgd.filter_group_id = fd.filter_group_id) AND (fgd.filter_group_id != 2) AND (fgd.filter_group_id != 7) AND (pf.filter_id = fd.filter_id) AND (pf.filter_id = f.filter_id) AND (fgd.filter_group_id = f.filter_group_id) AND (p.product_id = pf.product_id) AND (p.visible = 0)
		AND (fgd.language_id = '2') AND (pf.product_id = '552') ORDER BY f.sort_order in D:\OpenServer\domains\villa-crimea.com.ru\system\library\db\mysqli.php on line 40
2017-11-10 16:31:13 - PHP Notice:  Trying to get property of non-object in D:\OpenServer\domains\villa-crimea.com.ru\catalog\model\catalog\category.php on line 59
2017-11-10 16:31:13 - PHP Notice:  Error: Unknown column 'p.visible' in 'on clause'<br />Error No: 1054<br />SELECT fgd.name, fd.name AS value FROM oc_filter_group_description AS fgd JOIN oc_filter_description AS fd JOIN oc_filter as f JOIN oc_product_filter AS pf JOIN oc_product AS p
		ON (fgd.filter_group_id = fd.filter_group_id) AND (fgd.filter_group_id != 2) AND (fgd.filter_group_id != 7) AND (pf.filter_id = fd.filter_id) AND (pf.filter_id = f.filter_id) AND (fgd.filter_group_id = f.filter_group_id) AND (p.product_id = pf.product_id) AND (p.visible = 0)
		AND (fgd.language_id = '2') AND (pf.product_id = '542') ORDER BY f.sort_order in D:\OpenServer\domains\villa-crimea.com.ru\system\library\db\mysqli.php on line 40
2017-11-10 16:31:13 - PHP Notice:  Trying to get property of non-object in D:\OpenServer\domains\villa-crimea.com.ru\catalog\model\catalog\category.php on line 59
2017-11-10 16:31:13 - PHP Notice:  Error: Unknown column 'p.visible' in 'on clause'<br />Error No: 1054<br />SELECT fgd.name, fd.name AS value FROM oc_filter_group_description AS fgd JOIN oc_filter_description AS fd JOIN oc_filter as f JOIN oc_product_filter AS pf JOIN oc_product AS p
		ON (fgd.filter_group_id = fd.filter_group_id) AND (fgd.filter_group_id != 2) AND (fgd.filter_group_id != 7) AND (pf.filter_id = fd.filter_id) AND (pf.filter_id = f.filter_id) AND (fgd.filter_group_id = f.filter_group_id) AND (p.product_id = pf.product_id) AND (p.visible = 0)
		AND (fgd.language_id = '2') AND (pf.product_id = '543') ORDER BY f.sort_order in D:\OpenServer\domains\villa-crimea.com.ru\system\library\db\mysqli.php on line 40
2017-11-10 16:31:13 - PHP Notice:  Trying to get property of non-object in D:\OpenServer\domains\villa-crimea.com.ru\catalog\model\catalog\category.php on line 59
2017-11-10 16:31:13 - PHP Notice:  Error: Unknown column 'p.visible' in 'on clause'<br />Error No: 1054<br />SELECT fgd.name, fd.name AS value FROM oc_filter_group_description AS fgd JOIN oc_filter_description AS fd JOIN oc_filter as f JOIN oc_product_filter AS pf JOIN oc_product AS p
		ON (fgd.filter_group_id = fd.filter_group_id) AND (fgd.filter_group_id != 2) AND (fgd.filter_group_id != 7) AND (pf.filter_id = fd.filter_id) AND (pf.filter_id = f.filter_id) AND (fgd.filter_group_id = f.filter_group_id) AND (p.product_id = pf.product_id) AND (p.visible = 0)
		AND (fgd.language_id = '2') AND (pf.product_id = '359') ORDER BY f.sort_order in D:\OpenServer\domains\villa-crimea.com.ru\system\library\db\mysqli.php on line 40
2017-11-10 16:31:13 - PHP Notice:  Trying to get property of non-object in D:\OpenServer\domains\villa-crimea.com.ru\catalog\model\catalog\category.php on line 59
2017-11-10 16:31:13 - PHP Notice:  Error: Unknown column 'p.visible' in 'on clause'<br />Error No: 1054<br />SELECT fgd.name, fd.name AS value FROM oc_filter_group_description AS fgd JOIN oc_filter_description AS fd JOIN oc_filter as f JOIN oc_product_filter AS pf JOIN oc_product AS p
		ON (fgd.filter_group_id = fd.filter_group_id) AND (fgd.filter_group_id != 2) AND (fgd.filter_group_id != 7) AND (pf.filter_id = fd.filter_id) AND (pf.filter_id = f.filter_id) AND (fgd.filter_group_id = f.filter_group_id) AND (p.product_id = pf.product_id) AND (p.visible = 0)
		AND (fgd.language_id = '2') AND (pf.product_id = '363') ORDER BY f.sort_order in D:\OpenServer\domains\villa-crimea.com.ru\system\library\db\mysqli.php on line 40
2017-11-10 16:31:13 - PHP Notice:  Trying to get property of non-object in D:\OpenServer\domains\villa-crimea.com.ru\catalog\model\catalog\category.php on line 59
2017-11-10 16:49:03 - PHP Notice:  Undefined index: pricerus in D:\OpenServer\domains\villa-crimea.com.ru\catalog\view\theme\default\template\module\featured.tpl on line 11
2017-11-10 16:49:03 - PHP Notice:  Undefined index: pricerus in D:\OpenServer\domains\villa-crimea.com.ru\catalog\view\theme\default\template\module\featured.tpl on line 11
2017-11-10 16:49:03 - PHP Notice:  Undefined index: pricerus in D:\OpenServer\domains\villa-crimea.com.ru\catalog\view\theme\default\template\module\featured.tpl on line 11
2017-11-10 16:49:03 - PHP Notice:  Undefined index: pricerus in D:\OpenServer\domains\villa-crimea.com.ru\catalog\view\theme\default\template\module\featured.tpl on line 11
2017-11-10 16:49:03 - PHP Notice:  Undefined index: pricerus in D:\OpenServer\domains\villa-crimea.com.ru\catalog\view\theme\default\template\module\featured.tpl on line 11
2017-11-10 16:49:03 - PHP Notice:  Undefined index: pricerus in D:\OpenServer\domains\villa-crimea.com.ru\catalog\view\theme\default\template\module\featured.tpl on line 11
2017-11-10 16:49:03 - PHP Notice:  Undefined index: pricerus in D:\OpenServer\domains\villa-crimea.com.ru\catalog\view\theme\default\template\module\featured.tpl on line 11
2017-11-10 16:49:03 - PHP Notice:  Undefined index: pricerus in D:\OpenServer\domains\villa-crimea.com.ru\catalog\view\theme\default\template\module\featured.tpl on line 11
2017-11-10 16:49:03 - PHP Notice:  Undefined index: pricerus in D:\OpenServer\domains\villa-crimea.com.ru\catalog\view\theme\default\template\module\featured.tpl on line 11
2017-11-10 16:49:03 - PHP Notice:  Undefined index: pricerus in D:\OpenServer\domains\villa-crimea.com.ru\catalog\view\theme\default\template\module\featured.tpl on line 11
2017-11-10 16:49:03 - PHP Notice:  Undefined index: pricerus in D:\OpenServer\domains\villa-crimea.com.ru\catalog\view\theme\default\template\module\featured.tpl on line 11
2017-11-10 16:49:03 - PHP Notice:  Undefined index: pricerus in D:\OpenServer\domains\villa-crimea.com.ru\catalog\view\theme\default\template\module\featured.tpl on line 11
2017-11-10 16:49:03 - PHP Notice:  Undefined index: pricerus in D:\OpenServer\domains\villa-crimea.com.ru\catalog\view\theme\default\template\module\featured.tpl on line 11
2017-11-10 16:49:03 - PHP Notice:  Undefined index: pricerus in D:\OpenServer\domains\villa-crimea.com.ru\catalog\view\theme\default\template\module\featured.tpl on line 11
2017-11-10 16:49:03 - PHP Notice:  Undefined index: pricerus in D:\OpenServer\domains\villa-crimea.com.ru\catalog\view\theme\default\template\module\featured.tpl on line 11
2017-11-10 16:49:03 - PHP Notice:  Undefined index: pricerus in D:\OpenServer\domains\villa-crimea.com.ru\catalog\view\theme\default\template\module\featured.tpl on line 11
2017-11-10 16:49:03 - PHP Notice:  Undefined index: pricerus in D:\OpenServer\domains\villa-crimea.com.ru\catalog\view\theme\default\template\module\featured.tpl on line 11
2017-11-10 16:53:13 - PHP Notice:  Undefined index: badge in D:\OpenServer\domains\villa-crimea.com.ru\catalog\view\theme\default\template\product\search.tpl on line 120
2017-11-10 16:53:13 - PHP Notice:  Undefined index: model in D:\OpenServer\domains\villa-crimea.com.ru\catalog\view\theme\default\template\product\search.tpl on line 160
2017-11-10 16:53:13 - PHP Notice:  Undefined index: badge in D:\OpenServer\domains\villa-crimea.com.ru\catalog\view\theme\default\template\product\search.tpl on line 120
2017-11-10 16:53:13 - PHP Notice:  Undefined index: model in D:\OpenServer\domains\villa-crimea.com.ru\catalog\view\theme\default\template\product\search.tpl on line 160
2017-11-10 16:53:13 - PHP Notice:  Undefined index: badge in D:\OpenServer\domains\villa-crimea.com.ru\catalog\view\theme\default\template\product\search.tpl on line 120
2017-11-10 16:53:13 - PHP Notice:  Undefined index: model in D:\OpenServer\domains\villa-crimea.com.ru\catalog\view\theme\default\template\product\search.tpl on line 160
2017-11-10 16:53:13 - PHP Notice:  Undefined index: badge in D:\OpenServer\domains\villa-crimea.com.ru\catalog\view\theme\default\template\product\search.tpl on line 120
2017-11-10 16:53:13 - PHP Notice:  Undefined index: model in D:\OpenServer\domains\villa-crimea.com.ru\catalog\view\theme\default\template\product\search.tpl on line 160
2017-11-10 16:53:13 - PHP Notice:  Undefined index: badge in D:\OpenServer\domains\villa-crimea.com.ru\catalog\view\theme\default\template\product\search.tpl on line 120
2017-11-10 16:53:13 - PHP Notice:  Undefined index: model in D:\OpenServer\domains\villa-crimea.com.ru\catalog\view\theme\default\template\product\search.tpl on line 160
2017-11-10 16:53:13 - PHP Notice:  Undefined index: badge in D:\OpenServer\domains\villa-crimea.com.ru\catalog\view\theme\default\template\product\search.tpl on line 120
2017-11-10 16:53:13 - PHP Notice:  Undefined index: model in D:\OpenServer\domains\villa-crimea.com.ru\catalog\view\theme\default\template\product\search.tpl on line 160
2017-11-10 16:53:13 - PHP Notice:  Undefined index: badge in D:\OpenServer\domains\villa-crimea.com.ru\catalog\view\theme\default\template\product\search.tpl on line 120
2017-11-10 16:53:13 - PHP Notice:  Undefined index: model in D:\OpenServer\domains\villa-crimea.com.ru\catalog\view\theme\default\template\product\search.tpl on line 160
2017-11-10 16:53:13 - PHP Notice:  Undefined index: badge in D:\OpenServer\domains\villa-crimea.com.ru\catalog\view\theme\default\template\product\search.tpl on line 120
2017-11-10 16:53:13 - PHP Notice:  Undefined index: model in D:\OpenServer\domains\villa-crimea.com.ru\catalog\view\theme\default\template\product\search.tpl on line 160
2017-11-10 16:53:13 - PHP Notice:  Undefined index: badge in D:\OpenServer\domains\villa-crimea.com.ru\catalog\view\theme\default\template\product\search.tpl on line 120
2017-11-10 16:53:13 - PHP Notice:  Undefined index: model in D:\OpenServer\domains\villa-crimea.com.ru\catalog\view\theme\default\template\product\search.tpl on line 160
2017-11-10 16:53:13 - PHP Notice:  Undefined index: badge in D:\OpenServer\domains\villa-crimea.com.ru\catalog\view\theme\default\template\product\search.tpl on line 120
2017-11-10 16:53:13 - PHP Notice:  Undefined index: model in D:\OpenServer\domains\villa-crimea.com.ru\catalog\view\theme\default\template\product\search.tpl on line 160
2017-11-10 16:53:13 - PHP Notice:  Undefined index: badge in D:\OpenServer\domains\villa-crimea.com.ru\catalog\view\theme\default\template\product\search.tpl on line 120
2017-11-10 16:53:13 - PHP Notice:  Undefined index: model in D:\OpenServer\domains\villa-crimea.com.ru\catalog\view\theme\default\template\product\search.tpl on line 160
2017-11-10 16:53:13 - PHP Notice:  Undefined index: badge in D:\OpenServer\domains\villa-crimea.com.ru\catalog\view\theme\default\template\product\search.tpl on line 120
2017-11-10 16:53:13 - PHP Notice:  Undefined index: model in D:\OpenServer\domains\villa-crimea.com.ru\catalog\view\theme\default\template\product\search.tpl on line 160
2017-11-10 16:53:13 - PHP Notice:  Undefined index: badge in D:\OpenServer\domains\villa-crimea.com.ru\catalog\view\theme\default\template\product\search.tpl on line 120
2017-11-10 16:53:13 - PHP Notice:  Undefined index: model in D:\OpenServer\domains\villa-crimea.com.ru\catalog\view\theme\default\template\product\search.tpl on line 160
2017-11-10 16:53:13 - PHP Notice:  Undefined index: badge in D:\OpenServer\domains\villa-crimea.com.ru\catalog\view\theme\default\template\product\search.tpl on line 120
2017-11-10 16:53:13 - PHP Notice:  Undefined index: model in D:\OpenServer\domains\villa-crimea.com.ru\catalog\view\theme\default\template\product\search.tpl on line 160
2017-11-10 16:53:13 - PHP Notice:  Undefined index: badge in D:\OpenServer\domains\villa-crimea.com.ru\catalog\view\theme\default\template\product\search.tpl on line 120
2017-11-10 16:53:13 - PHP Notice:  Undefined index: model in D:\OpenServer\domains\villa-crimea.com.ru\catalog\view\theme\default\template\product\search.tpl on line 160
2017-11-10 16:53:13 - PHP Notice:  Undefined index: badge in D:\OpenServer\domains\villa-crimea.com.ru\catalog\view\theme\default\template\product\search.tpl on line 120
2017-11-10 16:53:13 - PHP Notice:  Undefined index: model in D:\OpenServer\domains\villa-crimea.com.ru\catalog\view\theme\default\template\product\search.tpl on line 160
2017-11-10 16:53:13 - PHP Notice:  Undefined index: badge in D:\OpenServer\domains\villa-crimea.com.ru\catalog\view\theme\default\template\product\search.tpl on line 120
2017-11-10 16:53:13 - PHP Notice:  Undefined index: model in D:\OpenServer\domains\villa-crimea.com.ru\catalog\view\theme\default\template\product\search.tpl on line 160
2017-11-10 16:53:13 - PHP Notice:  Undefined index: badge in D:\OpenServer\domains\villa-crimea.com.ru\catalog\view\theme\default\template\product\search.tpl on line 120
2017-11-10 16:53:13 - PHP Notice:  Undefined index: model in D:\OpenServer\domains\villa-crimea.com.ru\catalog\view\theme\default\template\product\search.tpl on line 160
2017-11-10 16:53:13 - PHP Notice:  Undefined index: badge in D:\OpenServer\domains\villa-crimea.com.ru\catalog\view\theme\default\template\product\search.tpl on line 120
2017-11-10 16:53:13 - PHP Notice:  Undefined index: model in D:\OpenServer\domains\villa-crimea.com.ru\catalog\view\theme\default\template\product\search.tpl on line 160
2017-11-10 16:53:13 - PHP Notice:  Undefined index: badge in D:\OpenServer\domains\villa-crimea.com.ru\catalog\view\theme\default\template\product\search.tpl on line 120
2017-11-10 16:53:13 - PHP Notice:  Undefined index: model in D:\OpenServer\domains\villa-crimea.com.ru\catalog\view\theme\default\template\product\search.tpl on line 160
2017-11-10 16:53:13 - PHP Notice:  Undefined index: badge in D:\OpenServer\domains\villa-crimea.com.ru\catalog\view\theme\default\template\product\search.tpl on line 120
2017-11-10 16:53:13 - PHP Notice:  Undefined index: model in D:\OpenServer\domains\villa-crimea.com.ru\catalog\view\theme\default\template\product\search.tpl on line 160
2017-11-10 16:53:13 - PHP Notice:  Undefined index: badge in D:\OpenServer\domains\villa-crimea.com.ru\catalog\view\theme\default\template\product\search.tpl on line 120
2017-11-10 16:53:13 - PHP Notice:  Undefined index: model in D:\OpenServer\domains\villa-crimea.com.ru\catalog\view\theme\default\template\product\search.tpl on line 160
2017-11-10 16:53:13 - PHP Notice:  Undefined index: badge in D:\OpenServer\domains\villa-crimea.com.ru\catalog\view\theme\default\template\product\search.tpl on line 120
2017-11-10 16:53:13 - PHP Notice:  Undefined index: model in D:\OpenServer\domains\villa-crimea.com.ru\catalog\view\theme\default\template\product\search.tpl on line 160
2017-11-10 16:53:13 - PHP Notice:  Undefined index: badge in D:\OpenServer\domains\villa-crimea.com.ru\catalog\view\theme\default\template\product\search.tpl on line 120
2017-11-10 16:53:13 - PHP Notice:  Undefined index: model in D:\OpenServer\domains\villa-crimea.com.ru\catalog\view\theme\default\template\product\search.tpl on line 160
2017-11-10 16:53:13 - PHP Notice:  Undefined index: badge in D:\OpenServer\domains\villa-crimea.com.ru\catalog\view\theme\default\template\product\search.tpl on line 120
2017-11-10 16:53:13 - PHP Notice:  Undefined index: model in D:\OpenServer\domains\villa-crimea.com.ru\catalog\view\theme\default\template\product\search.tpl on line 160
2017-11-10 16:56:46 - PHP Notice:  Undefined variable: result in D:\OpenServer\domains\villa-crimea.com.ru\catalog\controller\module\featured.php on line 101
2017-11-10 16:56:46 - PHP Notice:  Undefined variable: result in D:\OpenServer\domains\villa-crimea.com.ru\catalog\controller\module\featured.php on line 102
2017-11-10 16:56:46 - PHP Notice:  Undefined variable: result in D:\OpenServer\domains\villa-crimea.com.ru\catalog\controller\module\featured.php on line 104
2017-11-10 16:56:46 - PHP Notice:  Undefined variable: result in D:\OpenServer\domains\villa-crimea.com.ru\catalog\controller\module\featured.php on line 101
2017-11-10 16:56:46 - PHP Notice:  Undefined variable: result in D:\OpenServer\domains\villa-crimea.com.ru\catalog\controller\module\featured.php on line 102
2017-11-10 16:56:46 - PHP Notice:  Undefined variable: result in D:\OpenServer\domains\villa-crimea.com.ru\catalog\controller\module\featured.php on line 104
2017-11-10 16:56:46 - PHP Notice:  Undefined variable: result in D:\OpenServer\domains\villa-crimea.com.ru\catalog\controller\module\featured.php on line 101
2017-11-10 16:56:46 - PHP Notice:  Undefined variable: result in D:\OpenServer\domains\villa-crimea.com.ru\catalog\controller\module\featured.php on line 102
2017-11-10 16:56:46 - PHP Notice:  Undefined variable: result in D:\OpenServer\domains\villa-crimea.com.ru\catalog\controller\module\featured.php on line 104
2017-11-10 16:56:46 - PHP Notice:  Undefined variable: result in D:\OpenServer\domains\villa-crimea.com.ru\catalog\controller\module\featured.php on line 101
2017-11-10 16:56:46 - PHP Notice:  Undefined variable: result in D:\OpenServer\domains\villa-crimea.com.ru\catalog\controller\module\featured.php on line 102
2017-11-10 16:56:46 - PHP Notice:  Undefined variable: result in D:\OpenServer\domains\villa-crimea.com.ru\catalog\controller\module\featured.php on line 104
2017-11-10 16:56:46 - PHP Notice:  Undefined variable: result in D:\OpenServer\domains\villa-crimea.com.ru\catalog\controller\module\featured.php on line 101
2017-11-10 16:56:46 - PHP Notice:  Undefined variable: result in D:\OpenServer\domains\villa-crimea.com.ru\catalog\controller\module\featured.php on line 102
2017-11-10 16:56:46 - PHP Notice:  Undefined variable: result in D:\OpenServer\domains\villa-crimea.com.ru\catalog\controller\module\featured.php on line 104
2017-11-10 16:56:46 - PHP Notice:  Undefined variable: result in D:\OpenServer\domains\villa-crimea.com.ru\catalog\controller\module\featured.php on line 101
2017-11-10 16:56:46 - PHP Notice:  Undefined variable: result in D:\OpenServer\domains\villa-crimea.com.ru\catalog\controller\module\featured.php on line 102
2017-11-10 16:56:46 - PHP Notice:  Undefined variable: result in D:\OpenServer\domains\villa-crimea.com.ru\catalog\controller\module\featured.php on line 104
2017-11-10 16:56:46 - PHP Notice:  Undefined variable: result in D:\OpenServer\domains\villa-crimea.com.ru\catalog\controller\module\featured.php on line 101
2017-11-10 16:56:46 - PHP Notice:  Undefined variable: result in D:\OpenServer\domains\villa-crimea.com.ru\catalog\controller\module\featured.php on line 102
2017-11-10 16:56:46 - PHP Notice:  Undefined variable: result in D:\OpenServer\domains\villa-crimea.com.ru\catalog\controller\module\featured.php on line 104
2017-11-10 16:56:46 - PHP Notice:  Undefined variable: result in D:\OpenServer\domains\villa-crimea.com.ru\catalog\controller\module\featured.php on line 101
2017-11-10 16:56:46 - PHP Notice:  Undefined variable: result in D:\OpenServer\domains\villa-crimea.com.ru\catalog\controller\module\featured.php on line 102
2017-11-10 16:56:46 - PHP Notice:  Undefined variable: result in D:\OpenServer\domains\villa-crimea.com.ru\catalog\controller\module\featured.php on line 104
2017-11-10 16:56:46 - PHP Notice:  Undefined variable: result in D:\OpenServer\domains\villa-crimea.com.ru\catalog\controller\module\featured.php on line 101
2017-11-10 16:56:46 - PHP Notice:  Undefined variable: result in D:\OpenServer\domains\villa-crimea.com.ru\catalog\controller\module\featured.php on line 102
2017-11-10 16:56:46 - PHP Notice:  Undefined variable: result in D:\OpenServer\domains\villa-crimea.com.ru\catalog\controller\module\featured.php on line 104
2017-11-10 16:56:46 - PHP Notice:  Undefined variable: result in D:\OpenServer\domains\villa-crimea.com.ru\catalog\controller\module\featured.php on line 101
2017-11-10 16:56:46 - PHP Notice:  Undefined variable: result in D:\OpenServer\domains\villa-crimea.com.ru\catalog\controller\module\featured.php on line 102
2017-11-10 16:56:46 - PHP Notice:  Undefined variable: result in D:\OpenServer\domains\villa-crimea.com.ru\catalog\controller\module\featured.php on line 104
2017-11-10 16:56:46 - PHP Notice:  Undefined variable: result in D:\OpenServer\domains\villa-crimea.com.ru\catalog\controller\module\featured.php on line 101
2017-11-10 16:56:46 - PHP Notice:  Undefined variable: result in D:\OpenServer\domains\villa-crimea.com.ru\catalog\controller\module\featured.php on line 102
2017-11-10 16:56:46 - PHP Notice:  Undefined variable: result in D:\OpenServer\domains\villa-crimea.com.ru\catalog\controller\module\featured.php on line 104
2017-11-10 16:56:46 - PHP Notice:  Undefined variable: result in D:\OpenServer\domains\villa-crimea.com.ru\catalog\controller\module\featured.php on line 101
2017-11-10 16:56:46 - PHP Notice:  Undefined variable: result in D:\OpenServer\domains\villa-crimea.com.ru\catalog\controller\module\featured.php on line 102
2017-11-10 16:56:46 - PHP Notice:  Undefined variable: result in D:\OpenServer\domains\villa-crimea.com.ru\catalog\controller\module\featured.php on line 104
2017-11-10 16:56:46 - PHP Notice:  Undefined variable: result in D:\OpenServer\domains\villa-crimea.com.ru\catalog\controller\module\featured.php on line 101
2017-11-10 16:56:46 - PHP Notice:  Undefined variable: result in D:\OpenServer\domains\villa-crimea.com.ru\catalog\controller\module\featured.php on line 102
2017-11-10 16:56:46 - PHP Notice:  Undefined variable: result in D:\OpenServer\domains\villa-crimea.com.ru\catalog\controller\module\featured.php on line 104
2017-11-10 16:56:46 - PHP Notice:  Undefined variable: result in D:\OpenServer\domains\villa-crimea.com.ru\catalog\controller\module\featured.php on line 101
2017-11-10 16:56:46 - PHP Notice:  Undefined variable: result in D:\OpenServer\domains\villa-crimea.com.ru\catalog\controller\module\featured.php on line 102
2017-11-10 16:56:46 - PHP Notice:  Undefined variable: result in D:\OpenServer\domains\villa-crimea.com.ru\catalog\controller\module\featured.php on line 104
2017-11-10 16:56:46 - PHP Notice:  Undefined variable: result in D:\OpenServer\domains\villa-crimea.com.ru\catalog\controller\module\featured.php on line 101
2017-11-10 16:56:46 - PHP Notice:  Undefined variable: result in D:\OpenServer\domains\villa-crimea.com.ru\catalog\controller\module\featured.php on line 102
2017-11-10 16:56:46 - PHP Notice:  Undefined variable: result in D:\OpenServer\domains\villa-crimea.com.ru\catalog\controller\module\featured.php on line 104
2017-11-10 16:56:46 - PHP Notice:  Undefined variable: result in D:\OpenServer\domains\villa-crimea.com.ru\catalog\controller\module\featured.php on line 101
2017-11-10 16:56:46 - PHP Notice:  Undefined variable: result in D:\OpenServer\domains\villa-crimea.com.ru\catalog\controller\module\featured.php on line 102
2017-11-10 16:56:46 - PHP Notice:  Undefined variable: result in D:\OpenServer\domains\villa-crimea.com.ru\catalog\controller\module\featured.php on line 104
2017-11-10 16:56:46 - PHP Notice:  Undefined variable: result in D:\OpenServer\domains\villa-crimea.com.ru\catalog\controller\module\featured.php on line 101
2017-11-10 16:56:46 - PHP Notice:  Undefined variable: result in D:\OpenServer\domains\villa-crimea.com.ru\catalog\controller\module\featured.php on line 102
2017-11-10 16:56:46 - PHP Notice:  Undefined variable: result in D:\OpenServer\domains\villa-crimea.com.ru\catalog\controller\module\featured.php on line 104
2017-11-10 16:57:03 - PHP Notice:  Undefined variable: result in D:\OpenServer\domains\villa-crimea.com.ru\catalog\controller\module\featured.php on line 104
2017-11-10 16:57:03 - PHP Notice:  Undefined variable: result in D:\OpenServer\domains\villa-crimea.com.ru\catalog\controller\module\featured.php on line 104
2017-11-10 16:57:03 - PHP Notice:  Undefined variable: result in D:\OpenServer\domains\villa-crimea.com.ru\catalog\controller\module\featured.php on line 104
2017-11-10 16:57:03 - PHP Notice:  Undefined variable: result in D:\OpenServer\domains\villa-crimea.com.ru\catalog\controller\module\featured.php on line 104
2017-11-10 16:57:03 - PHP Notice:  Undefined variable: result in D:\OpenServer\domains\villa-crimea.com.ru\catalog\controller\module\featured.php on line 104
2017-11-10 16:57:03 - PHP Notice:  Undefined variable: result in D:\OpenServer\domains\villa-crimea.com.ru\catalog\controller\module\featured.php on line 104
2017-11-10 16:57:03 - PHP Notice:  Undefined variable: result in D:\OpenServer\domains\villa-crimea.com.ru\catalog\controller\module\featured.php on line 104
2017-11-10 16:57:03 - PHP Notice:  Undefined variable: result in D:\OpenServer\domains\villa-crimea.com.ru\catalog\controller\module\featured.php on line 104
2017-11-10 16:57:03 - PHP Notice:  Undefined variable: result in D:\OpenServer\domains\villa-crimea.com.ru\catalog\controller\module\featured.php on line 104
2017-11-10 16:57:03 - PHP Notice:  Undefined variable: result in D:\OpenServer\domains\villa-crimea.com.ru\catalog\controller\module\featured.php on line 104
2017-11-10 16:57:03 - PHP Notice:  Undefined variable: result in D:\OpenServer\domains\villa-crimea.com.ru\catalog\controller\module\featured.php on line 104
2017-11-10 16:57:03 - PHP Notice:  Undefined variable: result in D:\OpenServer\domains\villa-crimea.com.ru\catalog\controller\module\featured.php on line 104
2017-11-10 16:57:03 - PHP Notice:  Undefined variable: result in D:\OpenServer\domains\villa-crimea.com.ru\catalog\controller\module\featured.php on line 104
2017-11-10 16:57:03 - PHP Notice:  Undefined variable: result in D:\OpenServer\domains\villa-crimea.com.ru\catalog\controller\module\featured.php on line 104
2017-11-10 16:57:03 - PHP Notice:  Undefined variable: result in D:\OpenServer\domains\villa-crimea.com.ru\catalog\controller\module\featured.php on line 104
2017-11-10 16:57:03 - PHP Notice:  Undefined variable: result in D:\OpenServer\domains\villa-crimea.com.ru\catalog\controller\module\featured.php on line 104
2017-11-10 16:57:03 - PHP Notice:  Undefined variable: result in D:\OpenServer\domains\villa-crimea.com.ru\catalog\controller\module\featured.php on line 104
2017-11-13 10:56:41 - PHP Notice:  Undefined variable: badge_load in D:\OpenServer\domains\villa-crimea.com.ru\admin\view\template\catalog\product_form.tpl on line 338
2017-11-13 10:56:41 - PHP Notice:  Undefined variable: badge_load in D:\OpenServer\domains\villa-crimea.com.ru\admin\view\template\catalog\product_form.tpl on line 338
2017-11-13 10:56:41 - PHP Notice:  Undefined variable: badge_load in D:\OpenServer\domains\villa-crimea.com.ru\admin\view\template\catalog\product_form.tpl on line 338
2017-11-13 10:56:41 - PHP Notice:  Undefined variable: badge_load in D:\OpenServer\domains\villa-crimea.com.ru\admin\view\template\catalog\product_form.tpl on line 338
2017-11-13 10:56:41 - PHP Notice:  Undefined variable: badge_load in D:\OpenServer\domains\villa-crimea.com.ru\admin\view\template\catalog\product_form.tpl on line 338
2017-11-13 10:56:41 - PHP Notice:  Undefined variable: visible in D:\OpenServer\domains\villa-crimea.com.ru\admin\view\template\catalog\product_form.tpl on line 588
2017-11-13 10:56:41 - PHP Notice:  Undefined variable: visible in D:\OpenServer\domains\villa-crimea.com.ru\admin\view\template\catalog\product_form.tpl on line 597
2017-11-13 10:58:31 - PHP Notice:  Undefined variable: badge_load in D:\OpenServer\domains\villa-crimea.com.ru\admin\view\template\catalog\product_form.tpl on line 338
2017-11-13 10:58:31 - PHP Notice:  Undefined variable: badge_load in D:\OpenServer\domains\villa-crimea.com.ru\admin\view\template\catalog\product_form.tpl on line 338
2017-11-13 10:58:31 - PHP Notice:  Undefined variable: badge_load in D:\OpenServer\domains\villa-crimea.com.ru\admin\view\template\catalog\product_form.tpl on line 338
2017-11-13 10:58:31 - PHP Notice:  Undefined variable: badge_load in D:\OpenServer\domains\villa-crimea.com.ru\admin\view\template\catalog\product_form.tpl on line 338
2017-11-13 10:58:31 - PHP Notice:  Undefined variable: badge_load in D:\OpenServer\domains\villa-crimea.com.ru\admin\view\template\catalog\product_form.tpl on line 338
2017-11-13 10:58:57 - PHP Notice:  Undefined variable: badge_load in D:\OpenServer\domains\villa-crimea.com.ru\admin\view\template\catalog\product_form.tpl on line 338
2017-11-13 10:58:57 - PHP Notice:  Undefined variable: badge_load in D:\OpenServer\domains\villa-crimea.com.ru\admin\view\template\catalog\product_form.tpl on line 338
2017-11-13 10:58:57 - PHP Notice:  Undefined variable: badge_load in D:\OpenServer\domains\villa-crimea.com.ru\admin\view\template\catalog\product_form.tpl on line 338
2017-11-13 10:58:57 - PHP Notice:  Undefined variable: badge_load in D:\OpenServer\domains\villa-crimea.com.ru\admin\view\template\catalog\product_form.tpl on line 338
2017-11-13 10:58:57 - PHP Notice:  Undefined variable: badge_load in D:\OpenServer\domains\villa-crimea.com.ru\admin\view\template\catalog\product_form.tpl on line 338
2017-11-13 10:58:57 - PHP Notice:  Undefined variable: visible in D:\OpenServer\domains\villa-crimea.com.ru\admin\view\template\catalog\product_form.tpl on line 588
2017-11-13 10:58:57 - PHP Notice:  Undefined variable: visible in D:\OpenServer\domains\villa-crimea.com.ru\admin\view\template\catalog\product_form.tpl on line 597
2017-11-13 10:59:27 - PHP Notice:  Undefined variable: badge_load in D:\OpenServer\domains\villa-crimea.com.ru\admin\view\template\catalog\product_form.tpl on line 338
2017-11-13 10:59:27 - PHP Notice:  Undefined variable: badge_load in D:\OpenServer\domains\villa-crimea.com.ru\admin\view\template\catalog\product_form.tpl on line 338
2017-11-13 10:59:27 - PHP Notice:  Undefined variable: badge_load in D:\OpenServer\domains\villa-crimea.com.ru\admin\view\template\catalog\product_form.tpl on line 338
2017-11-13 10:59:27 - PHP Notice:  Undefined variable: badge_load in D:\OpenServer\domains\villa-crimea.com.ru\admin\view\template\catalog\product_form.tpl on line 338
2017-11-13 10:59:27 - PHP Notice:  Undefined variable: badge_load in D:\OpenServer\domains\villa-crimea.com.ru\admin\view\template\catalog\product_form.tpl on line 338
2017-11-13 10:59:27 - PHP Notice:  Undefined variable: visible in D:\OpenServer\domains\villa-crimea.com.ru\admin\view\template\catalog\product_form.tpl on line 588
2017-11-13 10:59:27 - PHP Notice:  Undefined variable: visible in D:\OpenServer\domains\villa-crimea.com.ru\admin\view\template\catalog\product_form.tpl on line 597
2017-11-13 11:00:11 - PHP Notice:  Undefined variable: badge_load in D:\OpenServer\domains\villa-crimea.com.ru\admin\view\template\catalog\product_form.tpl on line 338
2017-11-13 11:00:11 - PHP Notice:  Undefined variable: badge_load in D:\OpenServer\domains\villa-crimea.com.ru\admin\view\template\catalog\product_form.tpl on line 338
2017-11-13 11:00:11 - PHP Notice:  Undefined variable: badge_load in D:\OpenServer\domains\villa-crimea.com.ru\admin\view\template\catalog\product_form.tpl on line 338
2017-11-13 11:00:11 - PHP Notice:  Undefined variable: badge_load in D:\OpenServer\domains\villa-crimea.com.ru\admin\view\template\catalog\product_form.tpl on line 338
2017-11-13 11:00:11 - PHP Notice:  Undefined variable: badge_load in D:\OpenServer\domains\villa-crimea.com.ru\admin\view\template\catalog\product_form.tpl on line 338
2017-11-13 11:00:44 - PHP Notice:  Undefined variable: badge_load in D:\OpenServer\domains\villa-crimea.com.ru\admin\view\template\catalog\product_form.tpl on line 338
2017-11-13 11:00:44 - PHP Notice:  Undefined variable: badge_load in D:\OpenServer\domains\villa-crimea.com.ru\admin\view\template\catalog\product_form.tpl on line 338
2017-11-13 11:00:44 - PHP Notice:  Undefined variable: badge_load in D:\OpenServer\domains\villa-crimea.com.ru\admin\view\template\catalog\product_form.tpl on line 338
2017-11-13 11:00:44 - PHP Notice:  Undefined variable: badge_load in D:\OpenServer\domains\villa-crimea.com.ru\admin\view\template\catalog\product_form.tpl on line 338
2017-11-13 11:00:44 - PHP Notice:  Undefined variable: badge_load in D:\OpenServer\domains\villa-crimea.com.ru\admin\view\template\catalog\product_form.tpl on line 338
